######################  CNR_chunk_00000_20190222172518.pcap  #######################
######################  CNR_chunk_00002_20190225101908.pcap  #######################
######################  CNR_chunk_00004_20190227235120.pcap  #######################
######################  CNR_chunk_00001_20190224014742.pcap  #######################
######################  CNR_chunk_00003_20190226175640.pcap  #######################
######################  CNR_chunk_00005_20190301070739.pcap  #######################
***************************************
Device ID:  00:10:f3:2d:16:a5
Aliases: 
Who I am:  ???
Supposed Owner: ???
DHCP name : TotemLO
Browser Hostname : TOTEMLO
Browser comment : 00
Browser windows version : 030a
***************************************
Device ID:  e4:11:5b:d5:ce:20
Aliases: 
Who I am:  ???
Supposed Owner: ???
***************************************
Device ID:  00:16:3e:1e:f0:0b
Aliases: 
Who I am:  ???
Supposed Owner: ???
***************************************
Device ID:  dc:a4:ca:ea:83:0e
Aliases: TimeCapuleLaforenza.local  || TimeCapuleLaforenza  || 50-34-10-70.1 TimeCapuleLaforenza  || 
Who I am:  Model #: TimeCapsule8,119
Supposed Owner: ???
Browser Hostname : TIMECAPULELAFOR
Browser comment : TimeCapuleLaforenza
Browser windows version : 0420
***************************************
Device ID:  d8:18:d3:78:cb:2f
Aliases: 
Who I am:  ???
Supposed Owner: ???
***************************************
Device ID:  b4:99:ba:df:7f:d5
Aliases: VAHID-HP-ELITEBOOK-8440P  || vahid-HP-EliteBook-8440p  || vahid-HP-EliteBook-8440p.local  || 
Who I am:  NAS / WORKSTATION
Supposed Owner: ???
DHCP name : vahid-HP-EliteBook-8440p
Browser Hostname : VAHID-HP-ELITEBOOK-8440P
Browser comment : vahid-HP-EliteBook-8440p server (Samba, Ubuntu)
Browser windows version : Windows 7 or Windows Server 2008 R2
***************************************
Device ID:  00:21:b7:44:f7:ce
Aliases: lexmarke360dn  || Lexmark E360dn  || lexmarke360dn.local  || 
Who I am:  PRINTER
Supposed Owner: ???
***************************************
Device ID:  82:04:49:e0:a9:69
Aliases: 
Who I am:  ???
Supposed Owner: ???
DHCP name : freerad
***************************************
Device ID:  00:0c:29:d1:1a:e9
Aliases: 
Who I am:  ???
Supposed Owner: ???
DHCP name : jupyter
***************************************
Device ID:  58:b0:35:ff:d1:23
Aliases: Yoda-2  || Yoda-2.local  || Yoda (2)  || 
Who I am:  MacBook Pro "Core 2 Duo" 2.66 13" Mid-2010 with OS X 10.11 (El Capitan)
Supposed Owner: ???
DHCP name : Yoda-2
Browser Hostname : TURI1
***************************************
Device ID:  52:54:00:48:86:38
Aliases: jenkins (2)  || docker-registry-services-iit-cnr-it  || Jenkins (2)  || docker-registry-services-iit-cnr-it.local  || 
Who I am:  WORKSTATION
Supposed Owner: ???
***************************************
Device ID:  00:0c:29:af:ca:8d
Aliases: 146-48-96-33  || Jenkins  || jenkins  || 146-48-96-33.local  || 
Who I am:  WORKSTATION
Supposed Owner: ???
***************************************
Device ID:  a0:d3:c1:ed:ad:b6
Aliases: NPIEDADB6.local  || NPIEDADB6  || HP LaserJet 500 colorMFP M570dw (EDADB6)  || 
Who I am:  PRINTER
Supposed Owner: ???
DHCP name : NPIEDADB6
***************************************
Device ID:  20:67:7c:e4:fd:94
Aliases: 
Who I am:  ???
Supposed Owner: ???
***************************************
Device ID:  00:1e:c2:ff:8f:2e
Aliases: Andreas-MacBook-Pro-2  || Andreas-MacBook-Pro.local  || Claudios-MacBook-Pro-2  || Andreas-MacBook-Pro-2.local  || Andrea's MacBook Pro  || Andreas-MacBook-Pro  || Claudio\342\200\231s MacBook Pro (2)  || Claudios-MacBook-Pro-2.local  || 
Who I am:  MacBook Pro "Core i7" 3.5 13" Touch/Mid-2017-18, OsX: 18 = 157,157,16 / DropBox Host
Supposed Owner: Claudio  
######### Dropbox Infos #########
host_int: 142743527819617422766651129319425518398,  version: 2.0,  displayname: ,  port: 17500
{'1059128632', '1187711816', '3946461824', '1131906558', '11718984', '3075521696', '781771709', '4086569856', '5033281200'}
Browser Hostname : PASSARELLA
Browser comment : Andrea's MacBook Pro
Browser windows version : Windows 7 or Windows Server 2008 R2
***************************************
Device ID:  a8:20:66:4a:d7:bc
Aliases: viola.local  || viola  || viola.iit.cnr.it  || 
Who I am:  Mac mini "Core i7" 2.6 (Late 2012/Server) with OS X 10.13 (High Sierra) / DropBox Host
Supposed Owner: ???
######### Dropbox Infos #########
host_int: 5159652050529274741985721028687953576,  version: 2.0,  displayname: ,  port: 17500
{'8286605', '1230494691', '1398811490'}
Browser Hostname : VIOLA
***************************************
Device ID:  00:d0:4b:93:12:af
Aliases: wafi-2big  || wafi-2big.local  || 
Who I am:  WORKSTATION
Supposed Owner: ???
***************************************
Device ID:  ac:16:2d:37:1c:7e
Aliases: HP LaserJet 500 color M551 [371C7E]  || HP-500-55F  || HP-500-55F.local  || 
Who I am:  PRINTER / WORKSTATION
Supposed Owner: ???
***************************************
Device ID:  00:10:75:4d:a6:24
Aliases: sec-backup2-iit  || sec-backup2-iit [00:10:75:4d:a6:24]  || sec-backup2-iit.local  || 
Who I am:  Model #: dart2
Supposed Owner: ???
Browser Hostname : 00
Browser comment : sec-backup2-iit
Browser windows version : 0409
***************************************
Device ID:  00:d0:4b:95:f1:11
Aliases: sec-backup-iit  || sec-backup-iit [00:d0:4b:95:f1:11]  || sec-backup-iit.local  || 
Who I am:  Model #: 2bignetwork2r
Supposed Owner: ???
Browser Hostname : 00
Browser comment : sec-backup-iit
Browser windows version : 0409
***************************************
Device ID:  54:42:49:9a:07:23
Aliases: 
Who I am:  DropBox Host
Supposed Owner: ???
DHCP name : Andrea-VAIO
######### Dropbox Infos #########
host_int: 83736206249411998625698433421971620236,  version: 2.0,  displayname: ,  port: 17500
{'142567546', '289879001', '926547319', '153325675', '238476144', '136947891', '199993073', '114000913', '182993274', '241390308', '186600778', '147936221', '231491871', '1137441161', '470121355', '620437320', '831040867', '330684170', '1149385497', '137103723'}
Browser Hostname : ANDREA-VAIO
Browser comment : 00
Browser windows version : Windows 7 or Windows Server 2008 R2
***************************************
Device ID:  38:c9:86:40:d5:36
Aliases: zero.local  || A24 B/N @ zero  || zero  || 2f129e57f94e  || 
Who I am:  MacBook Pro "Core i7" 3.1 13" Early 2015, OsX: 18
Supposed Owner: ???
DHCP name : zero
Browser Hostname : DHCP82
***************************************
Device ID:  10:dd:b1:cb:c6:19
Aliases: Mac-mini-di-Loredana.local  || Mac-mini-di-Loredana  || Mac mini di Loredana   || 
Who I am:  Mac mini "Core i7" 2.6 (Late 2012/Server) with OS X 10.13 (High Sierra)
Supposed Owner:  Loredana
***************************************
Device ID:  00:01:01:06:00:40
Aliases: 
Who I am:  ???
Supposed Owner: ???
***************************************
Device ID:  e4:11:5b:dd:bb:70
Aliases: 
Who I am:  ???
Supposed Owner: ???
***************************************
Device ID:  00:01:01:06:00:96
Aliases: 
Who I am:  ???
Supposed Owner: ???
***************************************
Device ID:  e4:11:5b:dd:bb:78
Aliases: 
Who I am:  ???
Supposed Owner: ???
***************************************
Device ID:  00:01:01:06:00:00
Aliases: 
Who I am:  ???
Supposed Owner: ???
***************************************
Device ID:  74:44:01:9e:7b:55
Aliases: 
Who I am:  ???
Supposed Owner: ???
***************************************
Device ID:  e0:3f:49:13:51:4d
Aliases: 
Who I am:  DropBox Host
Supposed Owner: ???
DHCP name : pc
######### Dropbox Infos #########
host_int: 234493810021604735908644938053251034137,  version: 2.0,  displayname: ,  port: 17500
{'1538803019', '164221528', '873092406'}
Browser Hostname : PC
Browser comment : 00
Browser windows version : 0a00
***************************************
Device ID:  00:0c:6c:07:ed:4b
Aliases: MacBook-Pro-di-Stefano  || MacBook Pro di Stefano  || MacBook-Pro-di-Stefano.local  || 
Who I am:  MacBook Air "Core i7" 2.2 13" (Early 2015) with OS X 10.13 (High Sierra) / DropBox Host
Supposed Owner: Stefano
DHCP name : MBP-di-Stefano
######### Dropbox Infos #########
host_int: 265213678476464095826150996766917886877,  version: 2.0,  displayname: ,  port: 17500
{'470121355', '3827735856', '2561094736', '192965809', '330684170', '902521014', '1402961121', '186869542', '293386424', '248802763', '1325695770', '211708637', '2830305728'}
Browser Hostname : DHCP19
***************************************
Device ID:  18:60:24:8d:02:0c
Aliases: DESKTOP-CS92PFE  || DESKTOP-CS92PFE-2.local  || DESKTOP-CS92PFE.local  || DESKTOP-CS92PFE-2  || 
Who I am:  Windows Desktop (supposed by  dev`s name)
Supposed Owner:  CSPFE
DHCP name : DESKTOP-CS92PFE
Browser Hostname : DESKTOP-CS92PFE
Browser comment : 00
Browser windows version : 0a00
***************************************
Device ID:  00:17:a4:95:15:3c
Aliases: NPI95153C  || NPI95153C.local  || HP LaserJet P3005 [95153C]  || 
Who I am:  PRINTER / WORKSTATION
Supposed Owner: ???
***************************************
Device ID:  78:e7:d1:ab:26:81
Aliases: 
Who I am:  ???
Supposed Owner: ???
DHCP name : HP-CP6015-salafirme.
***************************************
Device ID:  70:56:81:c7:52:e8
Aliases: pXgVXP9JXs+Q2xJyEMGdwg@/STSn/ZWXt6oGQqWQ2cgsQ  || Francas-Time-Capsule.local  || 50-34-10-70.1 Franca's Time Capsule  || Francas-Time-Capsule  || /STSn/ZWXt6oGQqWQ2cgsQ  || Franca's Time Capsule  || 
Who I am:  Model #: TimeCapsule6,116
Supposed Owner: Franca
DHCP name : francas-time-capsule
Browser Hostname : FRANCAS-TIME-CA
Browser comment : Franca's Time Capsule
Browser windows version : 0420
***************************************
Device ID:  d8:8f:76:7a:1b:29
Aliases: AirPort-Time-Capsule-Vaccarelli.local  || AirPort Time Capsule Vaccarelli  || AirPort-Time-Capsule-Vaccarelli  || 50-34-10-70.1 AirPort Time Capsule Vaccarelli  || 
Who I am:  Model #: TimeCapsule8,119
Supposed Owner:  Vaccarelli
Browser Hostname : AIRPORT-TIME-CA
Browser comment : AirPort Time Capsule Vaccarelli
Browser windows version : 0420
***************************************
Device ID:  b8:c7:5d:ce:25:52
Aliases: 50-34-10-70.1 Andrea's Time Capsule  || Andreas-Time-Capsule.local  || Andreas-Time-Capsule  || Andrea's Time Capsule  || 
Who I am:  Model #: TimeCapsule6,116
Supposed Owner: Andrea
Browser Hostname : ANDREAS-TIME-CA
Browser comment : Andrea's Time Capsule
Browser windows version : 0420
***************************************
Device ID:  20:c9:d0:0f:8e:8c
Aliases: 50-34-10-70.1 TC-Bruno  || TC-Bruno  || TC-Bruno.local  || 
Who I am:  Model #: TimeCapsule6,116
Supposed Owner:  Bruno
Browser Hostname : TC-BRUNO
Browser comment : TC-Bruno
Browser windows version : 0420
***************************************
Device ID:  d8:8f:76:7a:19:12
Aliases: AirPort-Time-Capsule-di-Claudio  || AirPort-Time-Capsule-di-Claudio.local  || 50-34-10-70.1 AirPort Time Capsule di Claudio  || AirPort Time Capsule di Claudio  || 
Who I am:  Model #: TimeCapsule8,119
Supposed Owner: Claudio
Browser Hostname : AIRPORT-TIME-CA
Browser comment : AirPort Time Capsule di Claudio
Browser windows version : 0420
***************************************
Device ID:  20:c9:d0:17:08:92
Aliases: kqxuqUxmU/asFlv7TooTIQ@P6CBO25mUKeFN8PuV6m8Sg  || kraft-Time-Capsule  || 50-34-10-70 kraft Time Capsule  || kraft Time Capsule  || kraft-Time-Capsule.local  || P6CBO25mUKeFN8PuV6m8Sg  || 
Who I am:  Model #: TimeCapsule6,116
Supposed Owner: kraft 
Browser Hostname : KRAFT-TIME-CAPS
Browser comment : kraft Time Capsule
Browser windows version : 0420
***************************************
Device ID:  00:0c:29:d2:55:d1
Aliases: 
Who I am:  ???
Supposed Owner: ???
DHCP name : ocsfrontend
***************************************
Device ID:  00:21:28:75:b5:ba
Aliases: 
Who I am:  ???
Supposed Owner: ???
DHCP name : k8s1
***************************************
Device ID:  00:0c:29:f6:db:1f
Aliases: 
Who I am:  ???
Supposed Owner: ???
DHCP name : apiocs
***************************************
Device ID:  d4:c9:ef:ed:1d:77
Aliases: silvia-HP-Compaq-Pro-6300-MT.local  || silvia-HP-Compaq-Pro-6300-MT [d4:c9:ef:ed:1d:77]  || silvia-HP-Compaq-Pro-6300-MT  || 
Who I am:  DropBox Host / WORKSTATION
Supposed Owner: ???
DHCP name : silvia-HP-Compaq-Pro-6300-MT
######### Dropbox Infos #########
host_int: 221258667415398904845062617124234399936,  version: 2.0,  displayname: ,  port: 17500
{'1213731535', '1808984608', '1141632175', '1485426356', '1413078018', '1562406149', '4768366400', '1373188693', '1582169690', '300596491', '1767788032', '833663472', '1056426054', '4661529152', '32742286', '1570783860', '804285537', '1147785273', '1148521297', '1141722463', '1521588002', '511620300', '2289741264', '1124768498', '1174388436', '1515263159', '1399734106', '1582705051', '3110039440', '1267647380', '3075919952', '201365676', '1053159869', '1470877027', '1022790062', '721920817', '205343854', '1508414755', '1464829362', '4685540368', '1178431696', '1567234480', '962285559', '898077889', '1390069674', '4232551008'}
Browser Hostname : SILVIA-HP-COMPAQ-PRO-6300-MT
Browser comment : silvia-HP-Compaq-Pro-6300-MT server (Samba, Linu
Browser windows version : Windows 7 or Windows Server 2008 R2
***************************************
Device ID:  a8:20:66:52:d0:26
Aliases: iMac-Paola-Pacella.local  || iMac Paola Pacella  || iMac-Paola-Pacella  || 
Who I am:  iMac "Core i3" 3.3 21.5-Inch (Early 2013), OsX: 18
Supposed Owner:  Paola Pacella
DHCP name : iMacPaoaPacella
Browser Hostname : VPN24
***************************************
Device ID:  00:0c:29:0f:a4:f6
Aliases: 
Who I am:  ???
Supposed Owner: ???
DHCP name : iaic3isp
***************************************
Device ID:  ec:9a:74:30:59:5a
Aliases: HP-M551-color-B11.local  || HP LaserJet 500 color M551 [30595A]  || HP-M551-color-B11  || 
Who I am:  PRINTER
Supposed Owner: ???
***************************************
Device ID:  a2:37:b9:7e:ea:f7
Aliases: 
Who I am:  ???
Supposed Owner: ???
DHCP name : reti2
***************************************
Device ID:  00:1d:0f:be:57:bf
Aliases: calogero-System-Product-Name.local  || calogero-System-Product-Name  || 
Who I am:  ???
Supposed Owner: ???
DHCP name : calogero-System-Product-Name
***************************************
Device ID:  00:21:28:83:c3:44
Aliases: 
Who I am:  ???
Supposed Owner: ???
DHCP name : k8s2
***************************************
Device ID:  00:10:f3:2d:16:8d
Aliases: 
Who I am:  ???
Supposed Owner: ???
DHCP name : TotemLO
Browser Hostname : TOTEMLO
Browser comment : 00
Browser windows version : Windows 7 or Windows Server 2008 R2
***************************************
Device ID:  00:0c:29:aa:1a:e7
Aliases: 
Who I am:  ???
Supposed Owner: ???
DHCP name : feocs
***************************************
Device ID:  00:0b:82:43:d0:74
Aliases: 
Who I am:  ???
Supposed Owner: ???
***************************************
Device ID:  4c:32:75:c3:17:27
Aliases: Enricos-AirPort-Time-Capsule.local  || Enricos-AirPort-Time-Capsule  || 
Who I am:  AirPort running Time Capsule (supposed by  dev`s name)
Supposed Owner: Enrico
DHCP name : enricos-airport-time-capsule
***************************************
Device ID:  18:66:da:22:d8:50
Aliases: 
Who I am:  DropBox Host
Supposed Owner: ???
######### Dropbox Infos #########
host_int: 309566249125357358923885690458392867628,  version: 2.0,  displayname: ,  port: 17500
{'9', '6', '8', '5', '4', '3', '1'}
Browser Hostname : CARBONE-PC
Browser windows version : 0a00
***************************************
Device ID:  a0:8c:fd:12:4c:7b
Aliases: HP LaserJet MFP M426fdn (124C7B)  || NPI124C7B  || NPI124C7B.local  || 
Who I am:  PRINTER
Supposed Owner: ???
DHCP name : NPI124C7B
***************************************
Device ID:  50:46:5d:74:1f:b0
Aliases: poa.local  || resta on poa  || poa  || 
Who I am:  DropBox Host / WORKSTATION
Supposed Owner: ???
######### Dropbox Infos #########
host_int: 284914780118918565338541684282974486531,  version: 2.0,  displayname: ,  port: 17500
{'1082867537', '3233518080', '6297444', '1408192817'}
***************************************
Device ID:  00:0c:29:74:e2:a8
Aliases: 
Who I am:  ???
Supposed Owner: ???
DHCP name : svnexternal
***************************************
Device ID:  00:0c:29:23:13:0e
Aliases: 
Who I am:  ???
Supposed Owner: ???
DHCP name : sowhat
***************************************
Device ID:  00:16:3e:42:89:91
Aliases: 
Who I am:  ???
Supposed Owner: ???
***************************************
Device ID:  00:3e:e1:c4:90:e3
Aliases: mariomarinais-Mac-Pro  || mariomarinais-Mac-Pro.local  || mario.marinai\342\200\231s Mac Pro  || 
Who I am:  Mac Pro "Twelve Core" 2.7 (Late 2013), OsX: 18 / DropBox Host
Supposed Owner: mariomarinai 
DHCP name : mariomainaisPro
######### Dropbox Infos #########
host_int: 130373383987107058876571237837212462891,  version: 2.0,  displayname: ,  port: 17500
{'1', '7', '9', '8', '4', '3', '6'}
Browser Hostname : DHCP66
Browser comment : 00
Browser windows version : Windows 7 or Windows Server 2008 R2
***************************************
Device ID:  52:54:00:e0:a5:11
Aliases: repo [52:54:00:e0:a5:11]  || repo  || repo.local  || 
Who I am:  NAS / WORKSTATION
Supposed Owner: ???
***************************************
Device ID:  9c:b6:54:19:51:87
Aliases: HP LaserJet 500 colorMFP M570dw (195187)  || NPI195187.local  || NPI195187  || 
Who I am:  PRINTER
Supposed Owner: ???
DHCP name : NPI195187
***************************************
Device ID:  a0:ce:c8:11:3a:6a
Aliases: MacBook-Pro-di-Matteo  || MacBook-Pro-di-Matteo.local  || MacBook Pro di Matteo  || 
Who I am:  MacBook Pro "Core i7" 3.3 13" Touch/Late 2016, OsX: 18
Supposed Owner: Matteo
DHCP name : MBP-di-Matteo
Browser Hostname : MACBOOKPRO-05E6
***************************************
Device ID:  0c:4d:e9:d0:4b:ab
Aliases: MacBook Pro di Claudio (2)  || MacBook-Pro-di-Claudio-2  || MacBook-Pro-di-Claudio-2.local  || <Root>  || 
Who I am:  MacBook Pro "Core i7" 2.9 13" Mid-2012 with OS X 10.10 (Yosemite)
Supposed Owner: Claudio 
DHCP name : MBPdiClaudio2
Browser Hostname : VPN27
Browser comment : MacBook Pro di Claudio (2)
Browser windows version : Windows 7 or Windows Server 2008 R2
***************************************
Device ID:  2c:59:e5:76:02:dc
Aliases: NPI7602DC  || HP LaserJet M1536dnf MFP (7602DC)  || NPI7602DC.local  || 
Who I am:  PRINTER
Supposed Owner: ???
DHCP name : NPI7602DC
***************************************
Device ID:  00:1e:68:2f:14:a2
Aliases: 
Who I am:  ???
Supposed Owner: ???
DHCP name : k8s3
***************************************
Device ID:  d0:bf:9c:bb:0c:e2
Aliases: NPIBB0CE2.local  || NPIBB0CE2  || HP LaserJet 400 M401dne (BB0CE2)  || 
Who I am:  PRINTER
Supposed Owner: ???
DHCP name : NPIBB0CE2
***************************************
Device ID:  00:0c:29:1b:f7:97
Aliases: 
Who I am:  ???
Supposed Owner: ???
DHCP name : mbd_ext
***************************************
Device ID:  a0:48:1c:6b:94:4e
Aliases: NPI6B944E  || HP LaserJet 400 M401dne (6B944E)  || NPI6B944E.local  || 
Who I am:  PRINTER
Supposed Owner: ???
DHCP name : NPI6B944E
***************************************
Device ID:  00:10:f3:2d:16:99
Aliases: 
Who I am:  ???
Supposed Owner: ???
DHCP name : TotemExt
Browser Hostname : TOTEMEXT
Browser comment : 00
Browser windows version : Windows 7 or Windows Server 2008 R2
***************************************
Device ID:  54:04:a6:70:46:94
Aliases: mimonetNode3  || mimonetNode3 [54:04:a6:70:46:94]  || mimonetNode3.local  || 
Who I am:  WORKSTATION
Supposed Owner: ???
DHCP name : mimonetNode3
***************************************
Device ID:  40:a8:f0:ba:fb:cc
Aliases: NPIBAFBCC  || HP LaserJet 400 MFP M425dw (BAFBCC)  || NPIBAFBCC.local  || 
Who I am:  PRINTER
Supposed Owner: ???
DHCP name : NPIBAFBCC
***************************************
Device ID:  8c:8e:f2:5a:9a:b4
Aliases: 
Who I am:  ???
Supposed Owner: ???
DHCP name : iPhone
***************************************
Device ID:  bc:54:36:33:29:6a
Aliases: 
Who I am:  ???
Supposed Owner: ???
DHCP name : iPhonediFranca
***************************************
Device ID:  10:62:e5:5f:fc:e1
Aliases: NPI5FFCE1  || HP Color LaserJet MFP M477fdw (5FFCE1)  || NPI5FFCE1.local  || 
Who I am:  PRINTER
Supposed Owner: ???
DHCP name : NPI5FFCE1
***************************************
Device ID:  00:18:fe:a3:37:67
Aliases: laserjet3005-b1.local  || HP LaserJet P3005 [A33767]  || laserjet3005-b1  || 
Who I am:  PRINTER / WORKSTATION
Supposed Owner: ???
***************************************
Device ID:  e4:11:5b:dd:ec:4c
Aliases: 
Who I am:  ???
Supposed Owner: ???
***************************************
Device ID:  f4:ce:46:42:ef:1f
Aliases: HP-P1606-b76  || HP-P1606-b76.local  || HP LaserJet Professional P1606dn  || 
Who I am:  PRINTER
Supposed Owner: ???
***************************************
Device ID:  1c:6f:65:d2:ea:25
Aliases: 
Who I am:  ???
Supposed Owner: ???
DHCP name : mini-ITX-PC
Browser Hostname : MINI-ITX-PC
Browser windows version : 030a
***************************************
Device ID:  c8:cb:b8:ca:55:d2
Aliases: 
Who I am:  ???
Supposed Owner: ???
***************************************
Device ID:  90:1b:0e:ba:42:a4
Aliases: DESKTOP-CBFFT0K  || 0  || DESKTOP-CBFFT0K.local  || DESKTOP-CBFFT0K-2  || DESKTOP-CBFFT0K-2.local  || 
Who I am:  DropBox Host / Windows Desktop (supposed by  dev`s name) / WORKSTATION
Supposed Owner:  CBFFTK 
DHCP name : DESKTOP-CBFFT0K
######### Dropbox Infos #########
host_int: 120556926305380985663054942127611113530,  version: 2.0,  displayname: ,  port: 17500
{'5021028896', '5020095568', '1318929913', '1409839336', '1563495230', '4824471520', '1390182805', '4606049104'}
Browser Hostname : 00
Browser comment : 00
Browser windows version : 0a00
***************************************
Device ID:  78:e3:b5:8f:8d:02
Aliases: 
Who I am:  ???
Supposed Owner: ???
DHCP name : Prosperi-PC
Browser Hostname : PROSPERI-PC
Browser comment : 00
Browser windows version : 0a00
***************************************
Device ID:  00:24:9b:37:ec:b6
Aliases: DESKTOP-3KJIGJS  || DESKTOP-3KJIGJS.local  || 
Who I am:  DropBox Host / Windows Desktop (supposed by  dev`s name)
Supposed Owner:  KJIGJS
DHCP name : DESKTOP-3KJIGJS
######### Dropbox Infos #########
host_int: 228807927402168300122338328329797499276,  version: 2.0,  displayname: ,  port: 17500
{'1435518257', '3138505424', '3417781920', '3137991264', '4174650880', '3138013424', '3075521696', '3138012656', '126567143'}
Browser Hostname : DESKTOP-3KJIGJS
Browser comment : 00
Browser windows version : 0a00
***************************************
Device ID:  00:1f:c6:66:9a:52
Aliases: 
Who I am:  ???
Supposed Owner: ???
Browser Hostname : PELLEGRINI
Browser windows version : 030a
***************************************
Device ID:  00:26:18:8e:e3:86
Aliases: 
Who I am:  ???
Supposed Owner: ???
DHCP name : pc-PC
Browser Hostname : PC-PC
Browser comment : 00
Browser windows version : Windows 7 or Windows Server 2008 R2
***************************************
Device ID:  20:cf:30:3e:e6:6c
Aliases: 
Who I am:  ???
Supposed Owner: ???
DHCP name : Pellegrini-PC
Browser Hostname : PELLEGRINI-PC
Browser windows version : 030a
***************************************
Device ID:  18:66:da:0a:6c:8c
Aliases: DESKTOP-GHELARDI.local  || DESKTOP-GHELARDI-2  || DESKTOP-GHELARDI-2.local  || DESKTOP-GHELARDI  || 
Who I am:  DropBox Host / Windows Desktop (supposed by  dev`s name)
Supposed Owner:  GHELARDI 
DHCP name : DESKTOP-GHELARDI
######### Dropbox Infos #########
host_int: 2342206622554358647050794987793070122,  version: 2.0,  displayname: ,  port: 17500
{'765308949', '1393402192'}
Browser Hostname : DESKTOP-GHELARD
Browser comment : 00
Browser windows version : 0a00
***************************************
Device ID:  00:17:a4:e9:a5:6e
Aliases: studio-HP8510p  || studio-HP8510p.local  || 
Who I am:  ???
Supposed Owner: ???
DHCP name : studio-HP8510p
***************************************
Device ID:  9c:93:4e:60:19:44
Aliases: XRX9C934E601944  || XRX9C934E601944.local  || Xerox WorkCentre 6605DN (60:19:44)  || 
Who I am:  PRINTER
Supposed Owner: ???
Browser Hostname : XRX9C934E601944
Browser comment : 00
Browser windows version : 0702
***************************************
Device ID:  00:12:79:e0:7a:7b
Aliases: hp LaserJet 2420 [E07A7B]  || HP2420-trumpy  || HP2420-trumpy.local  || 
Who I am:  PRINTER
Supposed Owner: ???
***************************************
Device ID:  2c:59:e5:76:63:91
Aliases: HP LaserJet M1536dnf MFP (hpclamar)  || hpclamar.local  || hpclamar  || 
Who I am:  PRINTER
Supposed Owner: ???
***************************************
Device ID:  94:57:a5:d2:f5:91
Aliases: NPID2F591  || HP Color LaserJet M552 [D2F591]  || NPID2F591.local  || 
Who I am:  PRINTER / WORKSTATION
Supposed Owner: ???
***************************************
Device ID:  b4:b6:86:13:8d:c7
Aliases: LAPTOP-92N6LF90.local  || fabio-notebook.local  || fabio-notebook  || LAPTOP-92N6LF90  || 
Who I am:  ???
Supposed Owner: ???
DHCP name : LAPTOP-92N6LF90
Browser Hostname : LAPTOP-92N6LF90
Browser comment : 00
Browser windows version : 0a00
***************************************
Device ID:  00:01:e6:9b:aa:5d
Aliases: DesignJet 1055CM (C6075A) (0001E69BAA5D)  || NPI9BAA5D.local  || NPI9BAA5D  || 
Who I am:  PRINTER
Supposed Owner: ???
***************************************
Device ID:  ac:1f:6b:02:c8:14
Aliases: Xpra ssh :901  || Xpra ssh :100  || Xpra ssh :200  || shannon.local  || Xpra ssh :900  || shannon  || 
Who I am:  ???
Supposed Owner: ???
Browser Hostname : OMNET-PC
Browser comment : 00
Browser windows version : Windows 7 or Windows Server 2008 R2
***************************************
Device ID:  52:54:00:e9:a0:b0
Aliases: 
Who I am:  ???
Supposed Owner: ???
Browser Hostname : AMMINISTRAZIONE
Browser windows version : Windows 7 or Windows Server 2008 R2
***************************************
Device ID:  1c:c1:de:cb:ce:48
Aliases: HP LaserJet P2055dn [CBCE48]  || NPICBCE48.local  || NPICBCE48  || 
Who I am:  PRINTER / WORKSTATION
Supposed Owner: ???
***************************************
Device ID:  40:b0:34:1f:a8:7b
Aliases: DESKTOP-88NT00V-2.local  || DESKTOP-88NT00V  || DESKTOP-88NT00V-2  || DESKTOP-88NT00V.local  || 229987468  || 
Who I am:  DropBox Host / Windows Desktop (supposed by  dev`s name) / WORKSTATION
Supposed Owner:  NTV
DHCP name : DESKTOP-88NT00V
######### Dropbox Infos #########
host_int: 6789464063007454099181788792337465191,  version: 2.0,  displayname: ,  port: 17500
{'4172658928', '4408543040', '1563633922', '4476767376', '4403611632', '849162670', '2376234352', '2034745888', '1163168310'}
Browser Hostname : DESKTOP-88NT00V
Browser comment : 00
Browser windows version : 0a00
***************************************
Device ID:  2c:41:38:98:99:19
Aliases: DESKTOP-QEUC29T  || DESKTOP-QEUC29T.local  || 
Who I am:  Windows Desktop (supposed by  dev`s name)
Supposed Owner:  QEUCT
DHCP name : DESKTOP-QEUC29T
Browser Hostname : DESKTOP-QEUC29T
Browser comment : 00
Browser windows version : 0a00
***************************************
Device ID:  1c:c1:de:cb:ae:d9
Aliases: hp2055-a22.local  || hp2055-a22  || 
Who I am:  PRINTER / WORKSTATION
Supposed Owner: ???
***************************************
Device ID:  00:1f:29:20:10:66
Aliases: NPI201066  || HP LaserJet P2055dn [201066]  || NPI201066.local  || 
Who I am:  PRINTER / WORKSTATION
Supposed Owner: ???
***************************************
Device ID:  00:20:6b:81:33:79
Aliases: 
Who I am:  ???
Supposed Owner: ???
Browser Hostname : GEN813379
Browser comment : 00
Browser windows version : 0100
***************************************
Device ID:  a0:ce:c8:11:3a:f2
Aliases: Chiara\342\200\231s MacBook Pro  || Chiaras-MacBook-Pro  || Chiaras-MacBook-Pro.local  || 
Who I am:  MacBook Pro "Core i7" 3.3 13" Touch/Late 2016 with OS X 10.13 (High Sierra) = 157,157,16 / DropBox Host
Supposed Owner: Chiara 
DHCP name : Chiaras-MBP
######### Dropbox Infos #########
host_int: 120687960483277772780398669671973038777,  version: 2.0,  displayname: ,  port: 17500
{'1124206356', '1470877027', '1482703825', '696043979', '1472354022', '1225680273', '1142463939', '23184975', '4489883936', '1518132214', '845325886', '1375671012'}
***************************************
Device ID:  d8:18:d3:78:c6:2f
Aliases: 
Who I am:  ???
Supposed Owner: ???
***************************************
Device ID:  b8:27:eb:e6:8e:2b
Aliases: raspberrypi  || raspberrypi.local  || 
Who I am:  ???
Supposed Owner: ???
DHCP name : raspberrypi
***************************************
Device ID:  64:00:6a:97:10:ef
Aliases: hilbert-2  || cristian on hilbert-2  || cristian on hilbert  || hilbert.local  || hilbert  || hilbert-2.local  || 
Who I am:  DropBox Host
Supposed Owner: ???
######### Dropbox Infos #########
host_int: 177405167935116370256039728318498077997,  version: 2.0,  displayname: ,  port: 17500
{'222775620', '4160172304', '991808818', '3989870032', '931621014', '198370713', '198370578', '4198169440', '19953645', '780420625'}
***************************************
Device ID:  52:54:00:cf:c0:7b
Aliases: 146-48-98-220  || Jenkins  || jenkins  || 146-48-98-220.local  || 
Who I am:  WORKSTATION
Supposed Owner: ???
***************************************
Device ID:  68:5b:35:91:bf:91
Aliases: 
Who I am:  ???
Supposed Owner: ???
DHCP name : AmauryMBP
***************************************
Device ID:  a8:60:b6:39:49:f9
Aliases: iMac di Adriana Lazzaroni   || iMac-di-Adriana-Lazzaroni-2  || iMac-di-Adriana-Lazzaroni-2.local  || 
Who I am:  iMac "Core i7" 4.2 27-Inch (5K, Mid-2017-18) with OS X 10.13 (High Sierra)
Supposed Owner: Adriana Lazzaroni 
DHCP name : iMacdiAzzaroni2
Browser Hostname : VPN30
***************************************
Device ID:  d4:9a:20:d6:e4:c6
Aliases: iMac-di-Giovanni-Mainetto  || iMac-di-Giovanni-Mainetto.local  || iMac di Giovanni Mainetto   || 
Who I am:  iMac "Core 2 Duo" 3.33 27-Inch (Late 2009)
Supposed Owner: Giovanni Mainetto
Browser Hostname : IMAC-D6E4C6
Browser comment : iMac di Giovanni Mainetto
Browser windows version : 0409
***************************************
Device ID:  a0:ce:c8:11:3a:32
Aliases: 9b40fdd2aac5  || marco-contis-macbook-air-2.local  || marco-contis-macbook-air-2  || 
Who I am:  DropBox Host / WORKSTATION
Supposed Owner: ???
DHCP name : marcocontisAir2
######### Dropbox Infos #########
host_int: 142500362865803761436418351030878911655,  version: 2.0,  displayname: ,  port: 17500
{'56000943', '4196729808', '833682235', '838721254', '3075521696', '2513688912', '1420737308', '3595085856', '867055017', '1196026289', '852661789', '2537235344', '4236280320', '24289684', '147618962', '2821420256', '1059128632', '741939251', '4785567264', '1005944245'}
Browser Hostname : MACBOOKPRO-0BDC
***************************************
Device ID:  08:00:27:df:b2:c5
Aliases: debian9.local  || debian9  || 
Who I am:  ???
Supposed Owner: ???
DHCP name : debian9
***************************************
Device ID:  e8:39:35:45:bf:ef
Aliases: deviit-HP-Z400-Workstation.local  || deviit-HP-Z400-Workstation  || 
Who I am:  ???
Supposed Owner: ???
***************************************
Device ID:  f4:6d:04:e4:58:96
Aliases: protea  || protea.local  || 
Who I am:  ???
Supposed Owner: ???
***************************************
Device ID:  00:0c:29:dd:d8:66
Aliases: 
Who I am:  ???
Supposed Owner: ???
DHCP name : river
***************************************
Device ID:  00:15:65:46:76:f9
Aliases: 
Who I am:  ???
Supposed Owner: ???
DHCP name : SIP-T20P
***************************************
Device ID:  3c:d9:2b:5d:36:fc
Aliases: 
Who I am:  ???
Supposed Owner: ???
Browser Hostname : VENTURINI-HP
Browser comment : 00
Browser windows version : 030a
***************************************
Device ID:  00:0c:29:80:6c:cd
Aliases: csfrisk-virtual-machine.local  || csfrisk-virtual-machine  || 
Who I am:  ???
Supposed Owner: ???
***************************************
Device ID:  10:c3:7b:6c:b7:eb
Aliases: zea.local  || zea  || 
Who I am:  ???
Supposed Owner: ???
***************************************
Device ID:  3c:4a:92:45:65:a4
Aliases: NPI4565A4  || NPI4565A4.local  || HP LaserJet M1536dnf MFP (4565A4)  || 
Who I am:  PRINTER
Supposed Owner: ???
DHCP name : NPI4565A4
***************************************
Device ID:  00:15:65:47:41:8f
Aliases: 
Who I am:  ???
Supposed Owner: ???
DHCP name : SIP-T20P
***************************************
Device ID:  e0:cb:4e:83:90:a9
Aliases: valerio-cnr [e0:cb:4e:83:90:a9]  || valerio-cnr.local  || valerio-cnr  || 
Who I am:  DropBox Host / WORKSTATION
Supposed Owner: ???
######### Dropbox Infos #########
host_int: 182518830669792505184436146725378360324,  version: 2.0,  displayname: ,  port: 17500
{'12285455', '556883964', '10610215'}
***************************************
Device ID:  08:00:27:ba:bb:52
Aliases: elasticdrill-VirtualBox  || elasticdrill-VirtualBox.local  || 
Who I am:  ???
Supposed Owner: ???
***************************************
Device ID:  a8:20:66:4a:c7:ee
Aliases: 
Who I am:  ???
Supposed Owner: ???
DHCP name : Mini-di-Filippo
Browser Hostname : DHCP23
***************************************
Device ID:  48:65:ee:11:9c:0c
Aliases: iMac-di-Marra.local  || iMac-di-Marra  || iMac di Marra  || 
Who I am:  iMac "Core i7" 4.2 27-Inch (5K, Mid-2017-18), OsX: 18
Supposed Owner: Marra
Browser Hostname : IMAC-CICERO
***************************************
Device ID:  00:16:d3:58:90:c1
Aliases: alessandro-5720  || alessandro-5720.local  || 
Who I am:  ???
Supposed Owner: ???
DHCP name : alessandro-5720
Browser Hostname : ALESSANDRO-5720
Browser comment : alessandro-5720 server (Samba, Ubuntu)
Browser windows version : Windows 7 or Windows Server 2008 R2
***************************************
Device ID:  90:1b:0e:bc:90:6b
Aliases: antonio-ESPRIMO-P556  || antonio-ESPRIMO-P556.local  || 
Who I am:  DropBox Host
Supposed Owner: ???
DHCP name : antonio-ESPRIMO-P556
######### Dropbox Infos #########
host_int: 197498272417116625096815111863922409313,  version: 2.0,  displayname: ,  port: 17500
{'1816623168', '1154574985', '1446112400', '1133120704', '3590274608', '3912232816', '3644398960', '505872565', '1133121316', '1360825849', '561450482', '1183408781', '103767029', '100883051', '250889953', '268491347', '243863708', '545920763', '3316576896', '1549995632'}
***************************************
Device ID:  bc:ae:c5:27:90:12
Aliases: elastic  || elastic.local  || 
Who I am:  ???
Supposed Owner: ???
***************************************
Device ID:  00:21:5a:c5:a0:0a
Aliases: bettarini  || bettarini.local  || 
Who I am:  ???
Supposed Owner: ???
***************************************
Device ID:  00:0c:29:dc:ee:d9
Aliases: Secure-7  || Secure-7.local  || Secure-7 [00:0c:29:dc:ee:d9]  || 
Who I am:  WORKSTATION
Supposed Owner: ???
***************************************
Device ID:  40:61:86:33:c8:a6
Aliases: lambda.local  || lambda  || 
Who I am:  ???
Supposed Owner: ???
DHCP name : lambda
***************************************
Device ID:  d8:9e:f3:45:85:f0
Aliases: irina  || irina.local  || 
Who I am:  ???
Supposed Owner: ???
***************************************
Device ID:  1c:b7:2c:ef:d3:2e
Aliases: mcampana.local  || mcampana  || 
Who I am:  DropBox Host
Supposed Owner: ???
DHCP name : mcampana.iit.cnr.it
######### Dropbox Infos #########
host_int: 177232550149320693080374009992168153332,  version: 2.0,  displayname: ,  port: 17500
{'4706442016', '596537341', '1068776264', '1161221409', '1488976200', '10032301', '2532412816', '1217363735', '680919102'}
***************************************
Device ID:  28:d2:44:73:ac:10
Aliases: toprak  || toprak.local  || 
Who I am:  DropBox Host
Supposed Owner: ???
DHCP name : toprak
######### Dropbox Infos #########
host_int: 336045006402807340821404215766186701107,  version: 2.0,  displayname: ,  port: 17500
{'3417781920', '69791218'}
***************************************
Device ID:  b8:88:e3:9e:ef:f6
Aliases: 
Who I am:  DropBox Host
Supposed Owner: ???
######### Dropbox Infos #########
host_int: 295362772005209313641794290441740385695,  version: 2.0,  displayname: ,  port: 17500
{'63813065', '1561043955', '4453254272', '1177199111', '1339983575', '229107723', '642952897', '1313186022', '1471518053', '3277411872', '190327389', '431362742', '887067163', '12746912', '1461476109'}
***************************************
Device ID:  50:3f:56:00:6b:78
Aliases: bx1ma37c.local  || bx1ma37c  || 
Who I am:  DropBox Host
Supposed Owner: ???
DHCP name : bx1ma37c
######### Dropbox Infos #########
host_int: 92684046999135224396285378943286980203,  version: 2.0,  displayname: ,  port: 17500
{'847367385', '34735591', '272902387', '77883380', '808602274', '176954306', '756452395', '31137841', '106709295', '1094505026', '11184065', '93667648', '220397268', '11027700'}
Browser Hostname : BX1MA37C
Browser comment : bx1ma37c server (Samba, Ubuntu)
Browser windows version : Windows 7 or Windows Server 2008 R2
***************************************
Device ID:  a8:60:b6:2c:5e:87
Aliases: MacBook Pro di Marina   || COLORE SALA FIRME @ MacBook Pro di Marina   || MacBook-Pro-di-Marina.local  || MacBook-Pro-di-Marina  || 
Who I am:  MacBook Pro Notebook (supposed by  dev`s name) / Dvice that Share a Printer
Supposed Owner: Marina
DHCP name : MBP-di-Marina
Browser Hostname : VPN29
***************************************
Device ID:  a8:20:66:27:c4:7f
Aliases: MacBook Pro di Domenico Laforenza  (domenico)  || MacBook Pro di Domenico Laforenza   || macbook-pro-di-domenico-laforenza  || macbook-pro-di-domenico-laforenza.local  || 
Who I am:  MacBook Pro "Core i7" 2.8 15" Early 2013, OsX: 18 / DropBox Host
Supposed Owner: ???
DHCP name : MBPdidoaforenza
######### Dropbox Infos #########
host_int: 247971736975909770768187283830712566256,  version: 2.0,  displayname: ,  port: 17500
{'1577855127', '7738133'}
Browser Hostname : VPN28
***************************************
Device ID:  40:b0:34:24:95:79
Aliases: HP477-b76a  || HP477-b76a.local  || HP Color LaserJet MFP M477fdw (249579)  || 
Who I am:  PRINTER
Supposed Owner: ???
DHCP name : HP477-b76a
***************************************
Device ID:  00:3e:e1:ce:65:b8
Aliases: HP Color LaserJet CM1312 MFP @ Mac Pro nuovo di kraft  || Mac-Pro-nuovo-di-kraft.local  || Mac Pro nuovo di kraft  || Mac-Pro-nuovo-di-kraft  || 
Who I am:  Mac Pro "Twelve Core" 2.7 (Late 2013), OsX: 18
Supposed Owner:   nuovokraft
DHCP name : Pronuovodikraft
Browser Hostname : VPN50
Browser comment : Mac Pro nuovo di kraft
Browser windows version : Windows 7 or Windows Server 2008 R2
***************************************
Device ID:  00:3e:e1:c9:6d:f5
Aliases: Mac-Pro-di-Stefano-2  || AUNetSend  || Mac Pro di Stefano  || Mac-Pro-di-Stefano-2.local  || 
Who I am:  Mac Pro "Twelve Core" 2.7 (Late 2013) with OS X 10.11 (El Capitan)
Supposed Owner:  Stefano 
DHCP name : ProdiStefano2
Browser Hostname : MACPRO-C96DF5
Browser comment : Mac Pro di Stefano
Browser windows version : Windows 7 or Windows Server 2008 R2
***************************************
Device ID:  c8:5b:76:7e:05:2b
Aliases: 
Who I am:  ???
Supposed Owner: ???
DHCP name : BTP230203.iuser.iroot.adidom.com
***************************************
Device ID:  00:16:3e:0c:e3:ec
Aliases: 
Who I am:  ???
Supposed Owner: ???
***************************************
Device ID:  00:16:3e:68:cd:6b
Aliases: 
Who I am:  ???
Supposed Owner: ???
***************************************
Device ID:  00:e0:4c:14:37:41
Aliases: MacBook-Pro-4.local  || MacBook-Pro-4  || 0 (2)  || MacBook Pro (4)  || 850563120  || 
Who I am:  MacBook Pro "Core i7" 3.5 13" Touch/Mid-2017-18, OsX: 18 = 225,225,22
Supposed Owner: ???
DHCP name : MacBook-Pro-4
***************************************
Device ID:  10:dd:b1:dd:cc:c0
Aliases: MacBook-Pro-di-Claudio-3.local  || MacBook Pro di Claudio (3)  || SN_1366  || MacBook-Pro-di-Claudio-3  || 
Who I am:  MacBook Pro "Core i7" 2.8 15" Mid-2015 (DG), OsX: 18 / DropBox Host
Supposed Owner: Claudio 
######### Dropbox Infos #########
host_int: 319012644708120241308960313267170600627,  version: 2.0,  displayname: ,  port: 17500
{'184549879', '224031148', '1470877027'}
Browser Hostname : MAC-BAESSO
***************************************
Device ID:  58:ef:68:e5:e0:34
Aliases: Admin\342\200\231s MacBook Pro  || Admins-MacBook-Pro-2.local  || Admins-MacBook-Pro-2  || 
Who I am:  MacBook Pro "Core i7" 3.5 13" Touch/Mid-2017-18, OsX: 18 = 157,157,16 / DropBox Host
Supposed Owner: Admin  
######### Dropbox Infos #########
host_int: 106071282553138405251545128755693385247,  version: 2.0,  displayname: ,  port: 17500
{'1767272928', '548734718', '1507056351', '1333920656', '3876267216', '1472354022', '1563633922', '807084533', '4489883936', '1225657864', '284508703', '1251315940', '785757131', '4227813440', '3059332816', '5033281200', '4408543040', '4403611632', '402911224', '1235944713', '25271199', '1162721671', '1086783537', '1534925943', '1532279814', '1296831477', '1518132214', '553813130', '754519510', '1434564908', '810178847', '241786922', '736642492', '245160967', '2034745888', '1225680273', '1433511891', '892995203', '942212567', '529596010', '1482703825', '1408155029', '1092090709', '709396844', '845325886', '1162721904', '1519509074', '1144235840', '1359511747', '831040867', '1217363735', '1955310992', '1142463939', '1394226587', '677976732', '1059128632', '1098986333', '2376234352', '1443447773', '1375671012'}
Browser Hostname : BRUNO
***************************************
Device ID:  a0:ce:c8:11:3a:6c
Aliases: 
Who I am:  ???
Supposed Owner: ???
DHCP name : Theos-MBP
Browser Hostname : DHCP52
***************************************
Device ID:  f4:6d:04:e4:be:b4
Aliases: Bucci-PC.local  || Bucci-PC  || 
Who I am:  DropBox Host / Personal Computer (supposed by  dev`s name)
Supposed Owner: Bucci 
DHCP name : Bucci-PC
######### Dropbox Infos #########
host_int: 93387799682198369404380643586654724089,  version: 2.0,  displayname: ,  port: 17500
{'7', '9', '8', '4', '3', '1'}
Browser Hostname : BUCCI-PC
Browser comment : 00
Browser windows version : Windows 7 or Windows Server 2008 R2
***************************************
Device ID:  8c:16:45:83:ce:0a
Aliases: 
Who I am:  ???
Supposed Owner: ???
DHCP name : LAPTOP-CBHK29V9
Browser Hostname : LAPTOP-CBHK29V9
Browser comment : 00
Browser windows version : 0a00
***************************************
Device ID:  90:1b:0e:ba:42:a5
Aliases: DESKTOP-H0KQB5P.local  || 3.17.0.126-DESKTOP-H0KQB5P.2444de7c-c65f-4720-a0a5-01ea2a6a5b30  || DESKTOP-H0KQB5P  || 
Who I am:  DropBox Host / Windows Desktop (supposed by  dev`s name)
Supposed Owner:  HKQBP
DHCP name : DESKTOP-H0KQB5P
######### Dropbox Infos #########
host_int: 243659868913758592731591843069101031432,  version: 2.0,  displayname: ,  port: 17500
{'656437553', '1318929913', '1409839336', '3644398960', '86823246'}
Browser Hostname : DESKTOP-H0KQB5P
Browser comment : 00
Browser windows version : 0a00
***************************************
Device ID:  48:2a:e3:05:f5:78
Aliases: 
Who I am:  DropBox Host
Supposed Owner: ???
DHCP name : LAPTOP-NL668M2I
######### Dropbox Infos #########
host_int: 28282834614686401607222841254426571820,  version: 2.0,  displayname: ,  port: 17500
{'72191931', '1816623168', '823026908', '1322241332', '783038325', '1409839336', '1318929913', '3273237216', '515126069', '989794116', '1347167003'}
Browser Hostname : LAPTOP-NL668M2I
Browser comment : 00
Browser windows version : 0a00
***************************************
Device ID:  a0:ce:c8:11:3c:cb
Aliases: Eleonora\342\200\231s MacBook Pro  || Eleonoras-MacBook-Pro-2  || Eleonoras-MacBook-Pro-2.local  || 
Who I am:  MacBook Pro "Core i7" 3.3 13" Touch/Late 2016 with OS X 10.12 (Sierra) = 157,157,16 / DropBox Host
Supposed Owner: Eleonora  
DHCP name : Eleonoras-MBP-2
######### Dropbox Infos #########
host_int: 286359354027794395058326408164786421254,  version: 2.0,  displayname: ,  port: 17500
{'807084533', '864924123', '785757131', '781748356', '781771709'}
Browser Hostname : DHCP28
***************************************
Device ID:  30:5a:3a:0a:29:b6
Aliases: Andronico-PC.local  || ANDRONICO-PC  || Andronico-PC  || 
Who I am:  DropBox Host / MEDIA / Personal Computer (supposed by  dev`s name)
Supposed Owner: Andronico 
DHCP name : Andronico-PC
######### Dropbox Infos #########
host_int: 331876458292324478932093718396102098187,  version: 2.0,  displayname: ,  port: 17500
{'147036774', '765275067'}
Browser Hostname : ANDRONICO-PC
Browser comment : 00
Browser windows version : Windows 7 or Windows Server 2008 R2
***************************************
Device ID:  58:ef:68:14:38:72
Aliases: Andreas-MacBook-Pro-2  || Claudio\342\200\231s MacBook Pro (2)  || Claudios-MacBook-Pro-2  || Andreas-MacBook-Pro-2.local  || Andrea's MacBook Pro  || Claudios-MacBook-Pro-2.local  || 
Who I am:  MacBook Pro "Core i7" 3.5 13" Touch/Mid-2017-18, OsX: 18 = 157,157,16 / DropBox Host
Supposed Owner: Claudio  
DHCP name : Claudios-MBP-2
######### Dropbox Infos #########
host_int: 210736568678823382537793626274517836304,  version: 2.0,  displayname: ,  port: 17500
{'1131906558', '653966194', '5164236', '743883925', '11718984', '3075521696', '781771709', '1059128632', '1223342999', '1187711816', '3946461824', '4086569856'}
Browser Hostname : DHCP16
Browser comment : 00
Browser windows version : Windows 7 or Windows Server 2008 R2
***************************************
Device ID:  00:10:18:cb:f1:9f
Aliases: 
Who I am:  ???
Supposed Owner: ???
DHCP name : DESKTOP-KNIMCCJ
Browser Hostname : DESKTOP-KNIMCCJ
Browser comment : 00
Browser windows version : 0a00
***************************************
Device ID:  00:10:18:af:d3:78
Aliases: Favati-PC.local  || Favati-PC  || 
Who I am:  DropBox Host / Personal Computer (supposed by  dev`s name)
Supposed Owner: Favati 
DHCP name : Favati-PC
######### Dropbox Infos #########
host_int: 35124032385439556185607986703175530131,  version: 2.0,  displayname: ,  port: 17500
{'0', '7', '8', '5', '4', '6'}
Browser Hostname : FAVATI-PC
Browser comment : 00
Browser windows version : 0a00
***************************************
Device ID:  10:65:30:42:75:62
Aliases: 
Who I am:  DropBox Host
Supposed Owner: ???
DHCP name : DESKTOP-APNSS5J
######### Dropbox Infos #########
host_int: 172648464683479417032761028835455895394,  version: 2.0,  displayname: ,  port: 17500
{'1059128632', '804483829', '807084533', '906996478', '1394226587', '519188246'}
***************************************
Device ID:  10:65:30:42:75:a1
Aliases: 
Who I am:  DropBox Host
Supposed Owner: ???
DHCP name : DESKTOP-L39KGJ9
######### Dropbox Infos #########
host_int: 86963986098773284845276295585640574801,  version: 2.0,  displayname: ,  port: 17500
{'211668225', '1472354022', '1186763695', '2641375920', '4907184768', '1225657864', '331948060', '1075324561', '1440177202', '1407910896', '845325886', '353245230', '1017371395', '177573437', '1340855293', '889046265', '1409931334', '445678662', '1142463939', '3059332816', '1421472593', '241310555', '3780229696', '1188431952', '1549962965', '1235944713', '3452551472', '673852825'}
***************************************
Device ID:  98:e7:f4:2f:5c:23
Aliases: DESKTOP-4DGATJJ  || DESKTOP-4DGATJJ.local  || 
Who I am:  DropBox Host / Windows Desktop (supposed by  dev`s name)
Supposed Owner:  DGATJJ
DHCP name : DESKTOP-4DGATJJ
######### Dropbox Infos #########
host_int: 237929584604478870466016528957171529287,  version: 2.0,  displayname: ,  port: 17500
{'38488704', '1152076330', '1208741762', '1207019554'}
Browser Hostname : DESKTOP-4DGATJJ
Browser comment : 00
Browser windows version : 030a
***************************************
Device ID:  10:65:30:08:96:fb
Aliases: pavlos-XPS-13-9370.local  || pavlos-XPS-13-9370  || 
Who I am:  DropBox Host
Supposed Owner: ???
DHCP name : pavlos-XPS-13-9370
######### Dropbox Infos #########
host_int: 280147089917975747739281197886161789840,  version: 2.0,  displayname: ,  port: 17500
{'2665125232', '206532546', '550141861', '601959217', '663871827', '205235036', '1429179046'}
***************************************
Device ID:  00:0e:c6:c7:f5:ad
Aliases: MacBook-Pro-di-Maurizio  || MacBook-Pro-di-Maurizio.local  || MacBook Pro di Maurizio   || 
Who I am:  MacBook "Core m7" 1.3 12" (Early 2016), OsX: 18 = 157,157,16
Supposed Owner: Maurizio
DHCP name : MBP-di-Maurizio
Browser Hostname : VPN8
***************************************
Device ID:  58:ef:68:14:10:c7
Aliases: 
Who I am:  ???
Supposed Owner: ???
DHCP name : MacBook-Pro
Browser Hostname : VPN18
***************************************
Device ID:  a8:20:66:03:88:01
Aliases: iMac-di-Loredana  || iMac-di-Loredana.local  || iMac Genovese  || 
Who I am:  iMac "Core i7" 3.4 27-Inch (Mid-2011) with OS X 10.13 (High Sierra)
Supposed Owner: Loredana
DHCP name : iMacdiLoredana
Browser Hostname : DHCP38
***************************************
Device ID:  10:65:30:08:97:08
Aliases: kilian-IIT  || kilian-IIT.local  || 
Who I am:  ???
Supposed Owner: ???
DHCP name : kilian-IIT
***************************************
Device ID:  a8:20:66:10:cb:26
Aliases: Vega.local  || Vega  || 
Who I am:  MacBook Pro "Core i7" 3.0 13" Early 2013 with OS X 10.13 (High Sierra)
Supposed Owner: ???
DHCP name : Vega
Browser Hostname : DHCP49
***************************************
Device ID:  00:15:65:1c:d1:ce
Aliases: 
Who I am:  ???
Supposed Owner: ???
DHCP name : SIP-T20P
***************************************
Device ID:  08:00:27:be:ff:e3
Aliases: 
Who I am:  ???
Supposed Owner: ???
DHCP name : nic
***************************************
Device ID:  00:15:65:45:c3:4d
Aliases: 
Who I am:  ???
Supposed Owner: ???
DHCP name : SIP-T20P
***************************************
Device ID:  0c:4d:e9:a2:5b:82
Aliases: andrea-Macmini-2  || andrea-Macmini-2.local  || andrea-Macmini  || andrea-Macmini.local  || 
Who I am:  Mac PC (supposed by  dev`s name)
Supposed Owner: andrea 
DHCP name : andrea-Macmini
***************************************
Device ID:  18:60:24:8d:01:f8
Aliases: DESKTOP-67PRDJH  || DESKTOP-67PRDJH.local  || 
Who I am:  Windows Desktop (supposed by  dev`s name)
Supposed Owner:  PRDJH
DHCP name : DESKTOP-67PRDJH
***************************************
Device ID:  d8:9e:f3:42:5d:4f
Aliases: DESKTOP-IBS47GQ.local  || DESKTOP-IBS47GQ  || 
Who I am:  Windows Desktop (supposed by  dev`s name)
Supposed Owner:  IBSGQ
Browser Hostname : DESKTOP-IBS47GQ
Browser comment : 00
Browser windows version : 0a00
***************************************
Device ID:  54:48:10:ab:20:0b
Aliases: 
Who I am:  DropBox Host
Supposed Owner: ???
DHCP name : DESKTOP-O5FMG29
######### Dropbox Infos #########
host_int: 148766958734287907302693004797517137339,  version: 2.0,  displayname: ,  port: 17500
{'1384575303', '1461069066', '779018292', '1369352697', '932730166', '1384018769', '1006229556', '1037065175', '1245970210', '805334713', '935563135', '1207019554'}
***************************************
Device ID:  18:60:24:7b:eb:3b
Aliases: DESKTOP-U7QMNDS  || DESKTOP-U7QMNDS.local  || 
Who I am:  Windows Desktop (supposed by  dev`s name)
Supposed Owner:  UQMNDS
DHCP name : DESKTOP-U7QMNDS
***************************************
Device ID:  54:ee:75:93:af:43
Aliases: 
Who I am:  DropBox Host
Supposed Owner: ???
DHCP name : DESKTOP-U5GTENC
######### Dropbox Infos #########
host_int: 89599927803562996697689693574174581446,  version: 2.0,  displayname: ,  port: 17500
{'721827984', '823026908', '692099498', '964109688', '806371395', '2664220928', '1318929913', '3273237216', '1272590617', '2032399808', '2032400192', '53643069', '1460903004', '231923429', '962207227', '2032400320', '259226026', '567785950', '553045780', '282793967', '1264636629', '765198150', '111594113', '768328149', '173136813', '613981778', '1398047569', '1160680252', '2032107568', '1124878210', '145263170', '294317662', '783038325', '1099733045', '121050837', '442784460', '303057757', '989794116', '1159002457', '271454637', '225402144', '1373046620', '273420201', '969111419', '1284142788', '968272100', '113989696', '831040867', '228804010', '576664382', '220323560', '715178619', '978064830', '189361400', '1549995632', '312463693', '42283482', '515126069', '942591698', '1277938544', '1449384771', '1261232926'}
Browser Hostname : DESKTOP-U5GTENC
Browser comment : 00
Browser windows version : 0a00
***************************************
Device ID:  78:84:3c:fd:42:d1
Aliases: francesca-VPCEH3N6E-2.local  || francesca-VPCEH3N6E  || francesca-VPCEH3N6E.local  || francesca-VPCEH3N6E-2  || 
Who I am:  DropBox Host / Personal Computer (supposed by  dev`s name)
Supposed Owner: francesca VEHNE
DHCP name : francesca-VPCEH3N6E
######### Dropbox Infos #########
host_int: 94416228972811668010639893522583722378,  version: 2.0,  displayname: ,  port: 17500
{'1423403791', '1082867537', '525715526', '1098986333', '2499412256', '978253035', '107660805', '1540762091'}
***************************************
Device ID:  90:1b:0e:ba:42:a6
Aliases: DESKTOP-SR33SMK.local  || DESKTOP-SR33SMK  || 
Who I am:  DropBox Host / Windows Desktop (supposed by  dev`s name)
Supposed Owner:  SRSMK
DHCP name : DESKTOP-SR33SMK
######### Dropbox Infos #########
host_int: 85679356261078825938910418074393255412,  version: 2.0,  displayname: ,  port: 17500
{'1322241332', '1318929913', '1409839336', '1363045374'}
***************************************
Device ID:  00:50:b6:68:5e:8e
Aliases: dell-xps15-2  || dell-xps15  || dell-xps15.local  || dell-xps15-2.local  || 
Who I am:  DropBox Host
Supposed Owner: ???
DHCP name : dell-xps15
######### Dropbox Infos #########
host_int: 90829229038381033878853327374861240577,  version: 2.0,  displayname: ,  port: 17500
{'1767272928', '736642492', '1474578541', '73990523', '4227813440', '1955310992', '781771709', '529596010', '1563633922', '2376234352', '553813130'}
***************************************
Device ID:  ac:16:2d:02:c6:d0
Aliases: linux.local  || linux  || 
Who I am:  ???
Supposed Owner: ???
***************************************
Device ID:  00:23:56:1c:00:81
Aliases: nuvirin  || nuvirin.local  || 
Who I am:  ???
Supposed Owner: ???
DHCP name : nuvirin
***************************************
Device ID:  08:00:27:5a:54:e5
Aliases: bettarini-2.local  || bettarini-2  || bettarini-2 [08:00:27:5a:54:e5]  || 
Who I am:  WORKSTATION
Supposed Owner: ???
***************************************
Device ID:  00:0c:29:54:ce:cd
Aliases: reti5.local  || reti5 [00:0c:29:54:ce:cd]  || reti5  || 
Who I am:  WORKSTATION
Supposed Owner: ???
***************************************
Device ID:  00:19:bb:46:60:df
Aliases: ced21-2  || ced21-2 [00:19:bb:46:60:df]  || ced21-2.local  || 
Who I am:  WORKSTATION
Supposed Owner: ???
***************************************
Device ID:  00:50:04:c2:db:97
Aliases: pegaso.local  || pegaso  || 
Who I am:  WORKSTATION
Supposed Owner: ???
***************************************
Device ID:  14:b3:1f:16:d4:a5
Aliases: 3.12.0.84-DESKTOP-SDO2JD8.ee56b848-8450-4586-9cba-2b5ebdb304d2  || DESKTOP-SDO2JD8.local  || DESKTOP-SDO2JD8  || 
Who I am:  DropBox Host / Windows Desktop (supposed by  dev`s name)
Supposed Owner:  SDOJD
DHCP name : DESKTOP-SDO2JD8
######### Dropbox Infos #########
host_int: 129145682078118115916900057830532241506,  version: 2.0,  displayname: ,  port: 17500
{'3687118912', '1497375298', '3644398960', '183184879'}
***************************************
Device ID:  20:cf:30:08:50:ce
Aliases: ced21  || ced21.local  || 
Who I am:  WORKSTATION
Supposed Owner: ???
***************************************
Device ID:  e0:db:55:d3:ae:7e
Aliases: vehicong-Vostro-3560.local  || vehicong-Vostro-3560  || 
Who I am:  ???
Supposed Owner: ???
DHCP name : vehicong-Vostro-3560
***************************************
Device ID:  bc:ae:c5:27:8f:b7
Aliases: djackcnr.local  || djackcnr  || 
Who I am:  ???
Supposed Owner: ???
DHCP name : djackcnr
***************************************
Device ID:  00:15:65:3d:2b:c2
Aliases: 
Who I am:  ???
Supposed Owner: ???
DHCP name : SIP-T20P
***************************************
Device ID:  00:15:65:45:c0:fd
Aliases: 
Who I am:  ???
Supposed Owner: ???
DHCP name : SIP-T20P
***************************************
Device ID:  00:16:3e:6d:0d:19
Aliases: 
Who I am:  ???
Supposed Owner: ???
***************************************
Device ID:  00:16:3e:01:a5:15
Aliases: 
Who I am:  ???
Supposed Owner: ???
***************************************
Device ID:  9c:eb:e8:40:e6:bd
Aliases: andrea-XPS-13-9360  || andrea-XPS-13-9360.local  || 
Who I am:  ???
Supposed Owner: ???
***************************************
Device ID:  b4:b5:2f:c9:5b:3b
Aliases: Pc-Leva  || Pc-Leva.local  || 
Who I am:  ???
Supposed Owner: ???
DHCP name : Pc-Leva
***************************************
Device ID:  78:84:3c:34:9f:d0
Aliases: 
Who I am:  DropBox Host
Supposed Owner: ???
DHCP name : Andrea
######### Dropbox Infos #########
host_int: 278769795320415294463024474210968671181,  version: 2.0,  displayname: ,  port: 17500
{'1131650030', '1056540722', '41259899', '994369818', '822581509', '1015354952', '857500023', '232367347', '403092760', '1078702623', '1149385497', '823903645'}
Browser Hostname : 00
Browser comment : 00
Browser windows version : 0602
***************************************
Device ID:  18:60:24:7b:eb:38
Aliases: Pc-Mamone  || Pc-Mamone-2  || Pc-Mamone-2.local  || Pc-Mamone.local  || 
Who I am:  ???
Supposed Owner: ???
DHCP name : Pc-Mamone
Browser Hostname : PC-MAMONE
Browser comment : 00
Browser windows version : 0a00
***************************************
Device ID:  18:60:24:7b:eb:39
Aliases: DESKTOP-7PGI4EI.local  || DESKTOP-7PGI4EI  || 
Who I am:  Windows Desktop (supposed by  dev`s name)
Supposed Owner:  PGIEI
DHCP name : DESKTOP-7PGI4EI
Browser Hostname : DESKTOP-7PGI4EI
Browser comment : 00
Browser windows version : 0a00
***************************************
Device ID:  d4:9a:20:e9:46:58
Aliases: iMac di Andrea   || iMac-di-Andrea.local  || 572569590  || iMac-di-Andrea  || 
Who I am:  iMac "Core 2 Duo" 3.33 27-Inch (Late 2009) with OS X 10.13 (High Sierra)
Supposed Owner: Andrea
DHCP name : iMac-di-Andrea
Browser Hostname : DHCP91
***************************************
Device ID:  00:14:a9:cb:25:13
Aliases: 
Who I am:  ???
Supposed Owner: ???
DHCP name : SIP0014A9CB2513
***************************************
Device ID:  68:5b:35:9d:eb:37
Aliases: 0 (3)  || Pinakis-MacBook-Pro  || Pinakis-MacBook-Pro.local  || Pinaki\342\200\231s MacBook Pro  || 0 (2)  || 
Who I am:  MacBook Pro "Core i7" 2.8 15" Mid-2014 (DG) with OS X 10.10 (Yosemite) / DropBox Host
Supposed Owner: Pinaki 
DHCP name : Pinakis-MBP
######### Dropbox Infos #########
host_int: 232562940881609478928171088201409896959,  version: 2.0,  displayname: ,  port: 17500
{'1461069066', '8543086', '97640144', '1256192322', '161690630', '72898638', '8542982', '746743861', '73058517', '5459873', '1208741762', '342834904', '709275793', '604649210', '1207019554'}
Browser Hostname : MACBOOKPRO-8F22
***************************************
Device ID:  48:65:ee:11:a5:3e
Aliases: Annas-MacBook-Pro-2.local  || Anna\342\200\231s MacBook Pro 2  || Annas-MacBook-Pro-2  || 
Who I am:  MacBook Pro "Core i7" 3.5 13" Touch/Mid-2017-18, OsX: 18 = 157,157,16 / DropBox Host
Supposed Owner: Anna  
DHCP name : Annas-MBP-2
######### Dropbox Infos #########
host_int: 58389178816278252613506807055038045319,  version: 2.0,  displayname: ,  port: 17500
{'886688868', '799057720', '258039598', '129582457', '1507810026', '147936221', '468378429', '1131540884', '1154661191', '7745281', '643350956', '1237752740', '293082859', '1132245644', '165094070', '213340951'}
Browser Hostname : DHCP59
Browser comment : Anna's MacBook Pro 2
Browser windows version : Windows 7 or Windows Server 2008 R2
***************************************
Device ID:  68:f7:28:57:cd:ed
Aliases: 
Who I am:  ???
Supposed Owner: ???
DHCP name : reverb
***************************************
Device ID:  d8:9e:f3:42:5b:1f
Aliases: dario-pc  || dario-pc.local  || 
Who I am:  ???
Supposed Owner: ???
DHCP name : dario-pc
***************************************
Device ID:  30:9c:23:fe:2b:f2
Aliases: 0Alic.local  || 0Alic  || 
Who I am:  ???
Supposed Owner: ???
DHCP name : 0Alic
***************************************
Device ID:  00:12:79:e0:6a:71
Aliases: hp LaserJet 2420 [E06A71]  || NPIE06A71  || NPIE06A71.local  || 
Who I am:  PRINTER
Supposed Owner: ???
***************************************
Device ID:  48:65:ee:11:ea:e7
Aliases: 
Who I am:  ???
Supposed Owner: ???
DHCP name : mac-rossi.iit.cnr.it
***************************************
Device ID:  c8:5b:76:fb:a6:5c
Aliases: 
Who I am:  ???
Supposed Owner: ???
***************************************
Device ID:  00:15:65:3b:8b:c0
Aliases: 
Who I am:  ???
Supposed Owner: ???
DHCP name : SIP-T22P
***************************************
Device ID:  00:0e:c6:c7:d8:4a
Aliases: Marlin.local  || Marlin  || Nemo  || Nemo.local  || 431cc6a3cc2e  || 
Who I am:  Model #: MacBookPro15,2, OsX: 18 = 225,225,22 / DropBox Host
Supposed Owner: ???
DHCP name : Marlin
######### Dropbox Infos #########
host_int: 122771835148509334414575813324833907875,  version: 2.0,  displayname: ,  port: 17500
{'868115073', '1214559452', '1981337488', '768328149', '1931005392', '2375623312', '3718281680', '964109688', '1143343865', '1572554343', '178320568', '2230017040', '34426673', '4994055056', '2627328592', '1959061120', '207140768', '2150059104', '53643069', '2480535360', '1114740783', '809462081', '152532952', '4698254992', '3870041472', '595168197', '838369398', '1425247477', '1227675840', '38305656', '2157706848', '34399660', '1172659869', '2820388608', '312463693', '1161478999'}
Browser Hostname : DHCP5
***************************************
Device ID:  c0:56:27:f2:b5:94
Aliases: 
Who I am:  DropBox Host
Supposed Owner: ???
DHCP name : Macintosh-10
######### Dropbox Infos #########
host_int: 135449700056655644247948578313214378905,  version: 2.0,  displayname: ,  port: 17500
{'0', '7', '5', '2', '3', '1'}
Browser Hostname : DHCP74
***************************************
Device ID:  00:0e:c6:c7:d8:46
Aliases: Libreria di Ilaria Matteucci  || Dory.local  || Puce-2  || Puce.local  || Puce-2.local  || Dory  || 64a669ca0ff3  || Puce  || Puce (2)  || 
Who I am:  MacBook "Core m7" 1.3 12" (Early 2016), OsX: 18 = 225,225,22 / DropBox Host
Supposed Owner: ???
DHCP name : Dory
######### Dropbox Infos #########
host_int: 333051998288246066443987707457341745066,  version: 2.0,  displayname: ,  port: 17500
{'301373892', '654731483', '1214559452', '815933926', '1981337488', '1268028292', '1563511754', '111183166', '1931005392', '527613229', '1446112400', '2375623312', '348335269', '1562840052', '668465510', '2230017040', '416350168', '4994055056', '762843728', '110718997', '2150059104', '1051724127', '1246775575', '4698254992', '3870041472', '1560324927', '4322658', '2321514960', '228804010', '2157706848', '1067695459', '1172659869', '1545931598', '2820388608', '649191595', '141335058', '436334621', '508003097', '719924407', '602526131', '1445425724', '44266490', '1330952875'}
Browser Hostname : DORY
***************************************
Device ID:  9c:eb:e8:2e:12:49
Aliases: adalgiso  || adalgiso.local  || 
Who I am:  DropBox Host
Supposed Owner: ???
DHCP name : adalgiso
######### Dropbox Infos #########
host_int: 301797317817222977190562573268735292078,  version: 2.0,  displayname: ,  port: 17500
{'301373892', '139042806', '1307648382', '111183166', '768328149', '1268028292', '1563511754', '699677604', '1115303226', '247339782', '4709547520', '348335269', '914794325', '1415137319', '941866989', '3946461824', '1393402192', '1272590617', '1159002457', '1391548441', '1313273389', '110718997', '4863265984', '28078395', '94233162', '331929855', '503380265', '1260165267', '43501971', '823409219', '1545931598', '493329540', '962330149', '895234291', '719924407', '1354426560', '1235712004', '119019659'}
***************************************
Device ID:  00:50:56:33:d3:02
Aliases: 
Who I am:  ???
Supposed Owner: ???
DHCP name : kali
***************************************
Device ID:  00:0c:29:a9:d3:d4
Aliases: 
Who I am:  ???
Supposed Owner: ???
DHCP name : kali
***************************************
Device ID:  d8:9e:f3:45:85:d3
Aliases: matteo-Aldebaran  || matteo-Aldebaran.local  || 
Who I am:  ???
Supposed Owner: ???
DHCP name : matteo-Aldebaran
***************************************
Device ID:  ac:87:a3:33:aa:dc
Aliases: MacBook-Pro-di-WEBTV  || MacBook-Pro-di-WEBTV.local  || 
Who I am:  MacBook Pro Notebook (supposed by  dev`s name)
Supposed Owner: WEBTV
DHCP name : MBP-di-WEBTV
Browser Hostname : MACBOOKPRO-D4ED
***************************************
Device ID:  d8:9e:f3:42:5d:e9
Aliases: 
Who I am:  DropBox Host
Supposed Owner: ???
DHCP name : DESKTOP-0URRKI7
######### Dropbox Infos #########
host_int: 333408269873646751127703766228396438800,  version: 2.0,  displayname: ,  port: 17500
{'301373892', '139042806', '1307648382', '111183166', '768328149', '1268028292', '1563511754', '699677604', '1115303226', '247339782', '4709547520', '348335269', '914794325', '1415137319', '941866989', '3946461824', '1393402192', '1272590617', '1159002457', '1391548441', '1313273389', '110718997', '4863265984', '28078395', '94233162', '331929855', '503380265', '1260165267', '43501971', '823409219', '1545931598', '493329540', '962330149', '895234291', '719924407', '1354426560', '1235712004', '119019659'}
***************************************
Device ID:  00:15:65:47:40:89
Aliases: 
Who I am:  ???
Supposed Owner: ???
DHCP name : SIP-T20P
***************************************
Device ID:  00:15:65:45:c2:ef
Aliases: 
Who I am:  ???
Supposed Owner: ???
DHCP name : SIP-T20P
***************************************
Device ID:  d8:9e:f3:42:5d:d2
Aliases: martelli.local  || martelli  || 
Who I am:  DropBox Host
Supposed Owner: ???
DHCP name : martelli
######### Dropbox Infos #########
host_int: 10625589915144229296626369447614686885,  version: 2.0,  displayname: ,  port: 17500
{'25643451', '882303863', '4730041120', '1545874859'}
***************************************
Device ID:  00:15:65:3d:2d:86
Aliases: 
Who I am:  ???
Supposed Owner: ???
DHCP name : SIP-T20P
***************************************
Device ID:  00:24:e8:e7:7c:a6
Aliases: 
Who I am:  DropBox Host
Supposed Owner: ???
DHCP name : Buzzi-PC
######### Dropbox Infos #########
host_int: 250698442239874597823271187847915019574,  version: 2.0,  displayname: ,  port: 17500
{'779018292', '1384575303', '1461069066', '97641154', '1037065175', '1207019554'}
Browser Hostname : BUZZI-PC
Browser comment : 00
Browser windows version : Windows 7 or Windows Server 2008 R2
***************************************
Device ID:  38:d5:47:32:2d:fe
Aliases: 
Who I am:  ???
Supposed Owner: ???
DHCP name : DESKTOP-38KKIFE
Browser Hostname : DESKTOP-38KKIFE
Browser comment : 00
Browser windows version : 0a00
***************************************
Device ID:  18:60:24:8d:02:07
Aliases: DESKTOP-3OPCV4O  || DESKTOP-3OPCV4O.local  || 
Who I am:  Windows Desktop (supposed by  dev`s name)
Supposed Owner:  OVO
DHCP name : DESKTOP-3OPCV4O
Browser Hostname : DESKTOP-3OPCV4O
Browser comment : 00
Browser windows version : 0a00
***************************************
Device ID:  00:10:18:af:d5:f1
Aliases: pc-deri  || pc-deri.local  || 
Who I am:  DropBox Host
Supposed Owner: ???
DHCP name : pc-deri
######### Dropbox Infos #########
host_int: 18426500798874987231311758190832619212,  version: 2.0,  displayname: ,  port: 17500
{'14819337', '938813849', '2963682096', '1338659201', '1195044071', '3075521696', '176964307', '996306215', '2750370560', '58344996', '1421114399', '125540566', '4174650880', '64436099', '1808047680', '1372092609', '28521607', '785266177', '4716190048', '17609963', '1526263045', '1252116429', '1047428189', '1415620350', '4056462592', '1182395573', '736341528', '1267695109', '99469773', '451472658', '4809420048', '511706642', '96853224', '4229236128', '1522177587', '4810591760'}
***************************************
Device ID:  00:15:65:47:3f:7f
Aliases: 
Who I am:  ???
Supposed Owner: ???
DHCP name : SIP-T20P
***************************************
Device ID:  50:65:f3:b8:be:47
Aliases: Gianni-HP  || Gianni-HP.local  || 
Who I am:  ???
Supposed Owner: ???
DHCP name : Gianni-HP
Browser Hostname : GIANNI-HP
Browser comment : 00
Browser windows version : Windows 7 or Windows Server 2008 R2
***************************************
Device ID:  14:b3:1f:16:d5:36
Aliases: 
Who I am:  DropBox Host
Supposed Owner: ???
DHCP name : DESKTOP-I76EN2P
######### Dropbox Infos #########
host_int: 85075028286169997338224111576116442743,  version: 2.0,  displayname: ,  port: 17500
{'493601149', '131514808', '1816623168', '336248956', '224980669', '2903343952', '1307648382', '176850464', '129619072', '1154574985', '449360244', '521949568', '4824471520', '1133120704', '3590274608', '3912232816', '1415137319', '1974624400', '3644398960', '1272590617', '623648750', '482155318', '1273275753', '1133121316', '1035248394', '1360825849', '4863265984', '1183408781', '1497375298', '340621210', '4838375312', '5020095568', '1373046620', '353216272', '715160955', '1227675840', '97549668', '97546364', '932408144', '3316576896', '1931686080', '553045780', '436334621', '1549995632', '1563495230', '42283482', '109787110', '282793967', '521963840', '1298822953'}
Browser Hostname : DESKTOP-I76EN2P
Browser comment : 00
Browser windows version : 0a00
***************************************
Device ID:  20:6a:8a:e0:26:a1
Aliases: fra-AspireV15  || fra-AspireV15.local  || 
Who I am:  ???
Supposed Owner: ???
DHCP name : fra-AspireV15
***************************************
Device ID:  d8:9e:f3:42:5e:03
Aliases: Pc-Succurro.local  || Pc-Succurro  || 
Who I am:  ???
Supposed Owner: ???
Browser Hostname : PC-SUCCURRO
Browser comment : 00
Browser windows version : 0a00
***************************************
Device ID:  00:11:2f:a6:0a:47
Aliases: 
Who I am:  ???
Supposed Owner: ???
DHCP name : Claudia-PC
Browser Hostname : CLAUDIA-PC
Browser comment : 00
Browser windows version : Windows 7 or Windows Server 2008 R2
***************************************
Device ID:  00:15:65:46:81:db
Aliases: 
Who I am:  ???
Supposed Owner: ???
DHCP name : SIP-T20P
***************************************
Device ID:  00:15:65:46:88:3f
Aliases: 
Who I am:  ???
Supposed Owner: ???
DHCP name : SIP-T20P
***************************************
Device ID:  00:15:65:25:02:32
Aliases: 
Who I am:  ???
Supposed Owner: ???
DHCP name : SIP-T20P
***************************************
Device ID:  00:15:65:25:02:72
Aliases: 
Who I am:  ???
Supposed Owner: ???
DHCP name : SIP-T20P
***************************************
Device ID:  00:15:65:1c:cf:dc
Aliases: 
Who I am:  ???
Supposed Owner: ???
DHCP name : SIP-T20P
***************************************
Device ID:  00:15:65:6f:ae:e6
Aliases: 
Who I am:  ???
Supposed Owner: ???
DHCP name : SIP-T20P
***************************************
Device ID:  00:15:65:6f:b0:54
Aliases: 
Who I am:  ???
Supposed Owner: ???
DHCP name : SIP-T20P
***************************************
Device ID:  00:15:65:46:79:41
Aliases: 
Who I am:  ???
Supposed Owner: ???
DHCP name : SIP-T20P
***************************************
Device ID:  00:15:65:47:45:6d
Aliases: 
Who I am:  ???
Supposed Owner: ???
DHCP name : SIP-T20P
***************************************
Device ID:  00:15:65:1c:cb:a8
Aliases: 
Who I am:  ???
Supposed Owner: ???
DHCP name : SIP-T20P
***************************************
Device ID:  68:f7:28:64:17:35
Aliases: echo  || echo.local  || linux-2.local  || linux-2  || 
Who I am:  ???
Supposed Owner: ???
DHCP name : echo
***************************************
Device ID:  a8:60:b6:28:8b:db
Aliases: MacBook-Pro-di-Administrator.local  || MacBook-Pro-di-Administrator  || 
Who I am:  MacBook Pro Notebook (supposed by  dev`s name)
Supposed Owner: Adstrator
DHCP name : MBPdiAdistrator
***************************************
Device ID:  00:0e:c6:c7:c9:e0
Aliases: Marinella\342\200\231s MacBook Pro  || Marinellas-MacBook-Pro-2  || Marinellas-MacBook-Pro-2.local  || 
Who I am:  MacBook "Core m7" 1.3 12" (Early 2016), OsX: 18 = 235,215,19 / DropBox Host
Supposed Owner: Marinella  
DHCP name : MarinellasMBP2
######### Dropbox Infos #########
host_int: 24964823522558606422346579428606934355,  version: 2.0,  displayname: ,  port: 17500
{'139042806', '823525198', '1214559452', '492384161', '649385525', '289822327', '166841892', '348335269', '51352160', '202272642', '178320568', '200421751', '644160251', '48854907', '248802763', '644081352', '277527904', '251893965', '1051724127', '1246775575', '53643069', '290786810', '565877496', '1151296542', '503380265', '572928406', '866954594', '38305656', '1535521613', '2321514960', '779201354', '102015567', '574067336', '422101280', '708368141', '4310968736', '50431163', '1159866465', '1318642419', '44266490', '36862682', '301373892', '2037408944', '1482292732', '131514808', '111183166', '229905301', '1328230826', '173136813', '1489954181', '225344083', '3247029968', '304651044', '242378268', '115789607', '132347021', '222361586', '241262050', '303057757', '936383676', '93961046', '269536865', '331929855', '2285242752', '546660699', '192965809', '43501971', '304616502', '1172659869', '1545931598', '181475573', '141335058', '312463693', '189361400', '44043342', '1067959778', '719924407', '107649751'}
***************************************
Device ID:  00:15:65:1c:cf:0a
Aliases: 
Who I am:  ???
Supposed Owner: ???
DHCP name : SIP-T20P
***************************************
Device ID:  00:15:65:46:7f:f1
Aliases: 
Who I am:  ???
Supposed Owner: ???
DHCP name : SIP-T20P
***************************************
Device ID:  00:15:65:45:c3:57
Aliases: 
Who I am:  ???
Supposed Owner: ???
DHCP name : SIP-T20P
***************************************
Device ID:  a8:20:66:2d:8a:be
Aliases: MacBook-Pro-di-portatilekraft  || MacBook Pro di portatilekraft   || MacBook-Pro-di-portatilekraft.local  || 
Who I am:  MacBook Pro "Core i7" 2.9 13" Mid-2012, OsX: 18
Supposed Owner: portatilekraft
DHCP name : MBPdipoilekraft
Browser Hostname : DHCP96
***************************************
Device ID:  88:e9:fe:5c:95:5e
Aliases: Francas-MacBook-Pro  || Exception ignored in: <function Capture.__del__ at 0x7f8956f2dbf8>
Franca\342\200\231s MacBook Pro  || Francas-MacBook-Pro.local  || 
Who I am:  MacBook Pro "Core i7" 3.5 13" Touch/Mid-2017-18 with OS X 10.13 (High Sierra) = 157,157,16 / DropBox Host
Supposed Owner: Franca 
DHCP name : Francas-MBP
######### Dropbox Infos #########
host_int: 197136837339738295963905342164861341808,  version: 2.0,  displayname: ,  port: 17500
{'1526224837', '781771709', '1160471030', '804483829', '807084533', '1776352848', '779537776', '1488976200', '1217363735', '650807174', '3215164064', '4706442016', '1059128632', '25268282', '1098986333', '2532412816', '1341899604', '754519510'}
Browser Hostname : DHCP7
***************************************
Device ID:  08:00:27:bc:40:e3
Aliases: dhcp71  || dhcp71 [08:00:27:bc:40:e3]  || dhcp71.local  || 
Who I am:  WORKSTATION
Supposed Owner: ???
DHCP name : dhcp71
***************************************
Device ID:  a4:4c:c8:d7:47:0f
Aliases: giovanni-dell.local  || giovanni-dell  || 
Who I am:  ???
Supposed Owner: ???
DHCP name : giovanni-dell
***************************************
Device ID:  00:24:9b:1a:d4:d2
Aliases: adalgiso  || adalgiso.local  || 
Who I am:  DropBox Host
Supposed Owner: ???
DHCP name : adalgiso
######### Dropbox Infos #########
host_int: 68347865630120706909851006567139092929,  version: 2.0,  displayname: ,  port: 17500
{'301373892', '139042806', '1307648382', '111183166', '768328149', '1268028292', '1563511754', '699677604', '1115303226', '247339782', '4709547520', '348335269', '914794325', '1415137319', '941866989', '3946461824', '1393402192', '1272590617', '1159002457', '1391548441', '1313273389', '110718997', '4863265984', '28078395', '94233162', '331929855', '503380265', '1260165267', '43501971', '823409219', '1545931598', '493329540', '962330149', '895234291', '719924407', '1354426560', '1235712004', '119019659'}
***************************************
Device ID:  00:0c:29:0f:41:7f
Aliases: 
Who I am:  ???
Supposed Owner: ???
DHCP name : ocsfrontend
***************************************
Device ID:  00:0c:29:35:6e:65
Aliases: 
Who I am:  ???
Supposed Owner: ???
DHCP name : apiocs2
***************************************
Device ID:  00:15:65:45:c3:65
Aliases: 
Who I am:  ???
Supposed Owner: ???
DHCP name : SIP-T20P
***************************************
Device ID:  00:15:65:6f:ae:2a
Aliases: 
Who I am:  ???
Supposed Owner: ???
DHCP name : SIP-T20P
***************************************
Device ID:  00:15:65:7b:59:37
Aliases: 
Who I am:  ???
Supposed Owner: ???
DHCP name : SIP-T21P
***************************************
Device ID:  00:15:65:39:e4:84
Aliases: 
Who I am:  ???
Supposed Owner: ???
***************************************
Device ID:  00:15:65:95:b4:56
Aliases: 
Who I am:  ???
Supposed Owner: ???
DHCP name : SIP-T21P_E2
***************************************
Device ID:  00:15:65:46:82:59
Aliases: 
Who I am:  ???
Supposed Owner: ???
DHCP name : SIP-T20P
***************************************
Device ID:  00:15:65:2b:c2:74
Aliases: 
Who I am:  ???
Supposed Owner: ???
DHCP name : SIP-T20P
***************************************
Device ID:  00:15:65:45:be:cb
Aliases: 
Who I am:  ???
Supposed Owner: ???
DHCP name : SIP-T20P
***************************************
Device ID:  00:15:65:2b:be:10
Aliases: 
Who I am:  ???
Supposed Owner: ???
DHCP name : SIP-T20P
***************************************
Device ID:  00:15:65:d4:63:1e
Aliases: 
Who I am:  ???
Supposed Owner: ???
DHCP name : SIP-T21P_E2
***************************************
Device ID:  00:15:65:d4:65:0f
Aliases: 
Who I am:  ???
Supposed Owner: ???
DHCP name : SIP-T21P_E2
***************************************
Device ID:  00:15:65:89:37:13
Aliases: 
Who I am:  ???
Supposed Owner: ???
DHCP name : SIP-T21P_E2
***************************************
Device ID:  00:15:65:2b:c0:10
Aliases: 
Who I am:  ???
Supposed Owner: ???
DHCP name : SIP-T20P
***************************************
Device ID:  00:15:65:2b:f6:22
Aliases: 
Who I am:  ???
Supposed Owner: ???
DHCP name : SIP-T22P
***************************************
Device ID:  00:15:65:26:ae:67
Aliases: 
Who I am:  ???
Supposed Owner: ???
DHCP name : SIP-T20P
***************************************
Device ID:  00:15:65:25:08:4a
Aliases: 
Who I am:  ???
Supposed Owner: ???
DHCP name : SIP-T20P
***************************************
Device ID:  00:15:65:7b:59:53
Aliases: 
Who I am:  ???
Supposed Owner: ???
DHCP name : SIP-T21P
***************************************
Device ID:  00:15:65:2b:be:26
Aliases: 
Who I am:  ???
Supposed Owner: ???
***************************************
Device ID:  00:15:65:7d:10:8c
Aliases: 
Who I am:  ???
Supposed Owner: ???
DHCP name : SIP-T26P
***************************************
Device ID:  00:15:65:2b:f6:2a
Aliases: 
Who I am:  ???
Supposed Owner: ???
DHCP name : SIP-T22P
***************************************
Device ID:  00:15:65:53:5f:30
Aliases: 
Who I am:  ???
Supposed Owner: ???
DHCP name : SIP-T20P
***************************************
Device ID:  00:15:65:2b:c0:a8
Aliases: 
Who I am:  ???
Supposed Owner: ???
DHCP name : SIP-T20P
***************************************
Device ID:  00:15:65:1c:d0:26
Aliases: 
Who I am:  ???
Supposed Owner: ???
DHCP name : SIP-T20P
***************************************
Device ID:  00:15:65:3b:8b:c2
Aliases: 
Who I am:  ???
Supposed Owner: ???
DHCP name : SIP-T22P
***************************************
Device ID:  00:15:65:46:81:d1
Aliases: 
Who I am:  ???
Supposed Owner: ???
DHCP name : SIP-T20P
***************************************
Device ID:  00:15:65:46:7f:b1
Aliases: 
Who I am:  ???
Supposed Owner: ???
DHCP name : SIP-T20P
***************************************
Device ID:  00:15:65:1c:d3:20
Aliases: 
Who I am:  ???
Supposed Owner: ???
DHCP name : SIP-T20P
***************************************
Device ID:  00:15:65:1c:cb:a6
Aliases: 
Who I am:  ???
Supposed Owner: ???
DHCP name : SIP-T20P
***************************************
Device ID:  00:15:65:1c:cf:bc
Aliases: 
Who I am:  ???
Supposed Owner: ???
DHCP name : SIP-T20P
***************************************
Device ID:  00:15:65:1c:cb:ba
Aliases: 
Who I am:  ???
Supposed Owner: ???
DHCP name : SIP-T20P
***************************************
Device ID:  00:15:65:1c:d0:58
Aliases: 
Who I am:  ???
Supposed Owner: ???
DHCP name : SIP-T20P
***************************************
Device ID:  00:15:65:47:41:ad
Aliases: 
Who I am:  ???
Supposed Owner: ???
DHCP name : SIP-T20P
***************************************
Device ID:  00:15:65:45:c3:15
Aliases: 
Who I am:  ???
Supposed Owner: ???
DHCP name : SIP-T20P
***************************************
Device ID:  00:15:65:d4:68:5e
Aliases: 
Who I am:  ???
Supposed Owner: ???
DHCP name : SIP-T21P_E2
***************************************
Device ID:  00:15:65:2b:be:90
Aliases: 
Who I am:  ???
Supposed Owner: ???
DHCP name : SIP-T20P
***************************************
Device ID:  00:15:65:4f:80:77
Aliases: 
Who I am:  ???
Supposed Owner: ???
DHCP name : SIP-T22P
***************************************
Device ID:  00:15:65:4f:80:3d
Aliases: 
Who I am:  ???
Supposed Owner: ???
DHCP name : SIP-T22P
***************************************
Device ID:  00:15:65:4f:82:13
Aliases: 
Who I am:  ???
Supposed Owner: ???
DHCP name : SIP-T22P
***************************************
Device ID:  d8:9e:f3:45:44:19
Aliases: eleonora-Precision-Tower-3420  || eleonora-Precision-Tower-3420.local  || 
Who I am:  ???
Supposed Owner: ???
DHCP name : eleonora-Precision-Tower-3420
End
39030.18user 6733.28system 11:19:25elapsed 112%CPU (0avgtext+0avgdata 4745892maxresident)k
14284624inputs+176outputs (91major+4691097282minor)pagefaults 0swaps
