######################  cs_general_fixed.pcap  #######################
[2019-03-26 11:25:46.677938] DEBUG: FileCapture: Creating TShark subprocess with parameters: /usr/bin/tshark -l -n -T pdml -Y not arp -r /root/captures/cs_general_fixed.pcap
[2019-03-26 11:25:46.682063] DEBUG: FileCapture: %s subprocess created
Running as user "root" and group "root". This could be dangerous.
tshark: Lua: Error during loading:
 /usr/share/wireshark/init.lua:32: dofile has been disabled due to running Wireshark as superuser. See https://wiki.wireshark.org/CaptureSetup/CapturePrivileges for help in running Wireshark as an unprivileged user.
1000
2000
3000
4000
5000
6000
7000
8000
9000
10000
11000
12000
13000
14000
15000
16000
17000
18000
19000
20000
21000
22000
23000
24000
25000
26000
27000
28000
29000
30000
31000
32000
33000
34000
35000
36000
37000
38000
39000
40000
41000
42000
43000
44000
45000
46000
47000
48000
49000
50000
51000
52000
53000
54000
55000
56000
57000
58000
59000
60000
61000
62000
63000
64000
65000
66000
67000
68000
69000
70000
71000
72000
73000
74000
75000
76000
77000
78000
79000
80000
81000
82000
83000
84000
85000
86000
87000
88000
89000
90000
91000
92000
93000
94000
95000
96000
97000
98000
99000
100000
101000
102000
103000
104000
105000
106000
107000
108000
109000
110000
111000
112000
113000
114000
115000
116000
117000
118000
119000
120000
121000
122000
123000
124000
125000
126000
127000
128000
129000
130000
131000
132000
133000
134000
135000
136000
137000
138000
139000
140000
141000
142000
143000
144000
145000
146000
147000
148000
149000
150000
151000
152000
153000
154000
155000
156000
157000
158000
159000
160000
161000
162000
163000
164000
165000
166000
167000
168000
169000
170000
171000
172000
173000
174000
175000
176000
177000
178000
179000
180000
181000
182000
183000
184000
185000
186000
187000
188000
189000
190000
191000
192000
193000
194000
195000
196000
197000
198000
199000
200000
201000
202000
203000
204000
205000
206000
207000
208000
209000
210000
211000
212000
213000
214000
215000
216000
217000
218000
219000
220000
221000
222000
223000
224000
225000
226000
227000
228000
229000
230000
231000
232000
233000
234000
235000
236000
237000
238000
239000
240000
241000
242000
243000
244000
245000
246000
247000
248000
249000
250000
251000
252000
253000
254000
255000
256000
257000
258000
259000
260000
261000
262000
263000
264000
265000
266000
267000
268000
269000
270000
271000
272000
273000
274000
275000
276000
277000
278000
279000
280000
281000
282000
283000
284000
285000
286000
287000
288000
289000
290000
291000
292000
293000
294000
295000
296000
297000
298000
299000
300000
301000
302000
303000
304000
305000
306000
307000
308000
309000
310000
311000
312000
313000
314000
315000
316000
317000
318000
319000
320000
321000
322000
323000
324000
325000
326000
327000
328000
329000
330000
331000
332000
333000
334000
335000
336000
337000
338000
339000
340000
341000
342000
343000
344000
345000
346000
347000
348000
349000
350000
351000
352000
353000
354000
355000
356000
357000
358000
359000
360000
361000
362000
363000
364000
365000
366000
367000
368000
369000
370000
371000
372000
373000
374000
375000
376000
377000
378000
379000
380000
381000
382000
383000
384000
385000
386000
387000
388000
389000
390000
391000
392000
393000
394000
395000
396000
397000
398000
399000
400000
401000
402000
403000
404000
405000
406000
407000
408000
409000
410000
411000
412000
413000
414000
415000
416000
417000
418000
419000
420000
421000
422000
423000
424000
425000
426000
427000
428000
429000
430000
431000
432000
433000
434000
435000
436000
437000
438000
439000
440000
441000
442000
443000
444000
445000
446000
447000
448000
449000
450000
451000
452000
453000
454000
455000
456000
457000
458000
459000
460000
461000
462000
463000
464000
465000
466000
467000
468000
469000
470000
471000
472000
473000
474000
475000
476000
477000
478000
479000
480000
481000
482000
483000
484000
485000
486000
487000
488000
489000
490000
491000
492000
493000
494000
495000
496000
497000
498000
499000
500000
501000
502000
503000
504000
505000
506000
507000
508000
509000
510000
511000
512000
513000
514000
515000
516000
517000
518000
519000
520000
521000
522000
523000
524000
525000
526000
527000
528000
529000
530000
531000
532000
533000
534000
535000
536000
537000
538000
539000
540000
541000
542000
543000
544000
545000
546000
547000
548000
549000
550000
551000
552000
553000
554000
555000
556000
557000
558000
559000
560000
561000
562000
563000
564000
565000
566000
567000
568000
569000
570000
571000
572000
573000
574000
575000
576000
577000
578000
579000
580000
581000
582000
583000
584000
585000
586000
587000
588000
589000
590000
591000
592000
593000
594000
595000
596000
597000
598000
599000
600000
601000
602000
603000
604000
605000
606000
607000
608000
609000
610000
611000
612000
613000
614000
615000
616000
617000
618000
619000
620000
621000
622000
623000
624000
625000
626000
627000
628000
629000
630000
631000
632000
633000
634000
635000
636000
637000
638000
639000
640000
641000
642000
643000
644000
645000
646000
647000
648000
649000
650000
651000
652000
653000
654000
655000
656000
657000
658000
659000
660000
661000
662000
663000
664000
665000
666000
667000
668000
669000
670000
671000
672000
673000
674000
675000
676000
677000
678000
679000
680000
681000
682000
683000
684000
685000
686000
687000
688000
689000
690000
691000
692000
693000
694000
695000
696000
697000
698000
699000
700000
701000
702000
703000
704000
705000
706000
707000
708000
[2019-03-26 11:46:01.479500] DEBUG: FileCapture: EOF reached (sync)
WARNING: pinging broadcast address
***************************************
Device ID:  b4:b6:86:2d:80:38
Aliases: 
Who I am:  ???
Supposed Owner: ???
DHCP name : multicolor
***************************************
Device ID:  00:15:5d:02:84:30
Aliases: 
Who I am:  ???
Supposed Owner: ???
Browser Hostname : COMPASS2
Browser comment : 00
Browser windows version : Windows Server 2003 R2 or Windows Server 2003
***************************************
Device ID:  00:15:5d:56:2a:09
Aliases: 
Who I am:  ???
Supposed Owner: ???
Browser Hostname : ROTOR
Browser comment : 00
Browser windows version : Windows Server 2003 R2 or Windows Server 2003
***************************************
Device ID:  00:15:5d:02:86:3f
Aliases: 
Who I am:  ???
Supposed Owner: ???
Browser Hostname : SQLSHARE
Browser comment : 00
Browser windows version : Windows Server 2003 R2 or Windows Server 2003
***************************************
Device ID:  00:15:5d:56:2a:0c
Aliases: 
Who I am:  ???
Supposed Owner: ???
Browser Hostname : EUROMUSING
Browser comment : 00
Browser windows version : Windows Server 2003 R2 or Windows Server 2003
***************************************
Device ID:  00:22:57:47:7b:60
Aliases: 
Who I am:  ???
Supposed Owner: ???
DHCP name : 3Com Switch
***************************************
Device ID:  00:15:5d:56:2a:03
Aliases: 
Who I am:  ???
Supposed Owner: ???
Browser Hostname : FERRAX
Browser comment : 00
Browser windows version : Windows Server 2003 R2 or Windows Server 2003
***************************************
Device ID:  3c:52:82:c3:cf:77
Aliases: HP LaserJet Flow MFP M630 [C3CF77]  || NPIC3CF77.local  || NPIC3CF77  || 
Who I am:  PRINTER
Supposed Owner: ???
DHCP name : NPIC3CF77.di.unipi.it
***************************************
Device ID:  00:15:5d:02:83:46
Aliases: 
Who I am:  ???
Supposed Owner: ???
Browser Hostname : SHAREPOINT
Browser comment : 00
Browser windows version : Windows Server 2003 R2 or Windows Server 2003
***************************************
Device ID:  a0:1d:48:b1:67:2e
Aliases: 
Who I am:  ???
Supposed Owner: ???
DHCP name : kocian-pb
Browser Hostname : KOCIAN-PB
Browser comment : kocian-pb
Browser windows version : 0603
***************************************
Device ID:  f0:1e:34:1f:92:b5
Aliases: BLACKSTAR  || blackstar  || blackstar.local  || 
Who I am:  WORKSTATION
Supposed Owner: ???
Browser Hostname : BLACKSTAR
Browser comment : blackstar server (Samba, Ubuntu)
Browser windows version : Windows 7 or Windows Server 2008 R2
***************************************
Device ID:  00:1b:21:a7:03:83
Aliases: BLACKSTAR  || blackstar  || blackstar.local  || 
Who I am:  WORKSTATION
Supposed Owner: ???
Browser Hostname : BLACKSTAR
Browser comment : blackstar server (Samba, Ubuntu)
Browser windows version : Windows 7 or Windows Server 2008 R2
***************************************
Device ID:  18:31:bf:70:a8:01
Aliases: DIP  || DIP.local  || 
Who I am:  Model #: Xserve
Supposed Owner: ???
***************************************
Device ID:  00:d0:b8:22:3b:c4
Aliases: px12-400r.local  || px12-400r  || 
Who I am:  NAS
Supposed Owner: ???
Browser Hostname : PX12-400R
Browser windows version : 0409
***************************************
Device ID:  00:24:36:f5:9f:8c
Aliases: maccone  || maccone.local  || 
Who I am:  Model #: Xserve3,1
Supposed Owner: ???
Browser Hostname : MACCONE
Browser comment : Mac OS X Server
Browser windows version : 0409
***************************************
Device ID:  b4:b6:86:c2:41:6d
Aliases: NPIC2416D  || HP LaserJet M608 [C2416D]  || NPIC2416D.local  || 
Who I am:  PRINTER
Supposed Owner: ???
DHCP name : NPIC2416D
***************************************
Device ID:  b4:b6:86:c2:41:98
Aliases: NPIC24198  || NPIC24198.local  || HP LaserJet M608 [C24198]  || 
Who I am:  PRINTER
Supposed Owner: ???
DHCP name : NPIC24198
***************************************
Device ID:  2c:44:fd:02:ff:32
Aliases: HP LaserJet M1536dnf MFP (02FF32)  || NPI02FF32.local  || NPI02FF32  || 
Who I am:  PRINTER
Supposed Owner: ???
***************************************
Device ID:  18:a9:9b:6d:00:98
Aliases: 
Who I am:  ???
Supposed Owner: ???
Browser Hostname : HYPERV-H
Browser comment : 00
Browser windows version : 0603
***************************************
Device ID:  98:90:96:a2:37:c3
Aliases: 
Who I am:  ???
Supposed Owner: ???
Browser Hostname : RP-PRINTER
Browser comment : 00
Browser windows version : 0a00
***************************************
Device ID:  a0:ce:c8:10:7e:db
Aliases: hpspectre  || hpspectre.local  || 
Who I am:  DropBox Host
Supposed Owner: ???
DHCP name : hpspectre
######### Dropbox Infos #########
host_int: 5610108436450789266092294129440892737,  version: 2.0,  displayname: ,  port: 17500
{'2112976960', '4392829488', '1552255194', '1486744454', '4894058176', '1435866370', '3860631776', '1509139794', '2881790560', '1500338836', '4356314752', '2251253504', '241187001', '4910020928', '1483791048'}
Browser Hostname : HPSPECTRE
Browser comment : 00
Browser windows version : 0a00
***************************************
Device ID:  18:a9:9b:6d:00:71
Aliases: 
Who I am:  ???
Supposed Owner: ???
Browser Hostname : HYPERV-E
Browser comment : 00
Browser windows version : 0603
***************************************
Device ID:  38:60:77:e0:46:c6
Aliases: msetzu-desktop.local  || HP_LaserJet_600_M602 @ msetzu-desktop  || msetzu-desktop  || HP_LaserJet_600_M602_69F417_ @ msetzu-desktop  || 
Who I am:  Dvice that Share a Printer
Supposed Owner: ???
***************************************
Device ID:  00:1e:0b:83:53:1e
Aliases: 
Who I am:  ???
Supposed Owner: ???
Browser Hostname : MORDOR
Browser windows version : Windows Server 2003 R2 or Windows Server 2003
***************************************
Device ID:  00:14:22:73:14:61
Aliases: osiris.local  || osiris  || SFTP File Transfer on osiris  || 
Who I am:  WORKSTATION
Supposed Owner: ???
Browser Hostname : OSIRIS
Browser comment : Samba Server
Browser windows version : 0409
***************************************
Device ID:  00:25:4b:b4:2b:2c
Aliases: marco-daneluttos-mac-mini.local  || marco-daneluttos-mac-mini  || Marco Danelutto\342\200\231s Mac mini  || 50-33-73-74 Marco Danelutto\342\200\231s Mac mini  || 
Who I am:  Mac mini "Core 2 Duo" 2.53 (Server)
Supposed Owner: marco danelutto
***************************************
Device ID:  00:15:5d:56:2a:1b
Aliases: 
Who I am:  ???
Supposed Owner: ???
Browser Hostname : VENERE
Browser comment : 00
Browser windows version : 0a00
***************************************
Device ID:  18:a9:9b:6d:00:7e
Aliases: 
Who I am:  ???
Supposed Owner: ???
Browser Hostname : HYPERV-F
Browser comment : 00
Browser windows version : 0603
***************************************
Device ID:  00:15:5d:02:83:4b
Aliases: 
Who I am:  ???
Supposed Owner: ???
Browser Hostname : STATINI2
Browser comment : 00
Browser windows version : Windows 7 or Windows Server 2008 R2
***************************************
Device ID:  00:15:5d:01:85:03
Aliases: 
Who I am:  ???
Supposed Owner: ???
DHCP name : inside-PC
***************************************
Device ID:  00:24:1d:1e:28:c8
Aliases: 
Who I am:  ???
Supposed Owner: ???
Browser Hostname : MAREA
Browser comment : marea server (Samba, Ubuntu)
Browser windows version : Windows 7 or Windows Server 2008 R2
***************************************
Device ID:  98:90:96:e4:a1:3d
Aliases: 
Who I am:  DropBox Host
Supposed Owner: ???
DHCP name : Pedro-PC
######### Dropbox Infos #########
host_int: 285512920904278556406480533731068830632,  version: 2.0,  displayname: ,  port: 17500
{'1554985121', '1868066160', '1376303604', '711331015', '69334216', '1228390713', '1160632995', '1418112319', '1572654684', '74008692', '1130582974', '1980190544', '1466308388', '308470429', '83506582', '1303362242', '1144247729', '1368626567', '3118776656'}
Browser Hostname : PEDRO-PC
Browser comment : 00
Browser windows version : Windows 7 or Windows Server 2008 R2
***************************************
Device ID:  2c:56:dc:dc:16:b0
Aliases: Simona-pc  || Simona-pc.local  || 
Who I am:  ???
Supposed Owner: ???
DHCP name : Simona-pc
***************************************
Device ID:  00:15:5d:02:6c:05
Aliases: 
Who I am:  ???
Supposed Owner: ???
Browser Hostname : ECNLOCALSERVER
Browser windows version : Windows Server 2003 R2 or Windows Server 2003
***************************************
Device ID:  38:c9:86:38:51:38
Aliases: romani8.local  || romani8  || 
Who I am:  iMac "Core i7" 3.3 21.5-Inch (4K, Late 2015) with OS X 10.13 (High Sierra) / DropBox Host
Supposed Owner: ???
######### Dropbox Infos #########
host_int: 173986118437649209576471083486371216484,  version: 2.0,  displayname: ,  port: 17500
{'4654223696', '2536682032', '10799528', '1098950700'}
***************************************
Device ID:  00:15:5d:02:86:47
Aliases: 
Who I am:  ???
Supposed Owner: ???
Browser Hostname : EXBOX
Browser comment : 00
Browser windows version : 0603
***************************************
Device ID:  d8:cb:8a:ec:44:07
Aliases: andromeda.local  || andromeda  || 
Who I am:  ???
Supposed Owner: ???
Browser Hostname : ANDROMEDA
Browser comment : 00
Browser windows version : 0a00
***************************************
Device ID:  00:15:5d:02:86:46
Aliases: 
Who I am:  ???
Supposed Owner: ???
Browser Hostname : AD1
Browser comment : 00
Browser windows version : 0603
***************************************
Device ID:  d8:9e:f3:26:1f:f5
Aliases: 
Who I am:  DropBox Host
Supposed Owner: ???
######### Dropbox Infos #########
host_int: 2328988650310994778291993904333294189,  version: 2.0,  displayname: ,  port: 17500
{'140532919', '23590959'}
Browser Hostname : DESKTOP-JSJM762
Browser comment : 00
Browser windows version : 0a00
***************************************
Device ID:  8c:ec:4b:60:98:a4
Aliases: DESKTOP-OD9Q32E.local  || DESKTOP-OD9Q32E  || 
Who I am:  Windows Desktop (supposed by  dev`s name) / DropBox Host
Supposed Owner:  ODQE
DHCP name : DESKTOP-OD9Q32E
######### Dropbox Infos #########
host_int: 54729574504716887655772929870849236085,  version: 2.0,  displayname: ,  port: 17500
{'670180855', '825537306', '4945105936', '665997550', '842418422', '1571520101', '1806364000', '1442109121', '1037022335', '3466525776', '1074080554', '2438287152', '2918786432', '428701583', '472264639', '1229023491', '671232551', '1365752473', '1197777052', '717108022', '1249603341', '4679400720', '1368626567', '622947007', '464984638', '1536034166', '693172149', '1209613560', '356547153', '428767388', '284546448', '363117577', '912188428', '721029200'}
***************************************
Device ID:  00:15:5d:56:2a:04
Aliases: 
Who I am:  ???
Supposed Owner: ???
Browser Hostname : FERRAX2
Browser comment : ferrax2 server (Samba, Ubuntu)
Browser windows version : 0409
***************************************
Device ID:  00:e0:4c:a2:4c:a8
Aliases: 
Who I am:  ???
Supposed Owner: ???
DHCP name : Alis-MBP
Browser Hostname : MACBOOKPRO-1393
***************************************
Device ID:  00:30:48:8a:62:d0
Aliases: 
Who I am:  ???
Supposed Owner: ???
Browser Hostname : EDY
Browser comment : Samba Server Version 3.0.33-3.29.el5_6.2
Browser windows version : 0409
***************************************
Device ID:  50:9a:4c:2e:1f:a9
Aliases: DESKTOP-U9PDKGK.local  || DESKTOP-U9PDKGK  || 
Who I am:  Windows Desktop (supposed by  dev`s name)
Supposed Owner:  UPDKGK
DHCP name : DESKTOP-U9PDKGK
Browser Hostname : DESKTOP-U9PDKGK
Browser comment : 00
Browser windows version : 0a00
***************************************
Device ID:  08:60:6e:e5:8e:31
Aliases: 
Who I am:  DropBox Host
Supposed Owner: ???
DHCP name : DESKTOP-R1UV7D2
######### Dropbox Infos #########
host_int: 1112583288971017456694495267875667233,  version: 2.0,  displayname: ,  port: 17500
{'171776022', '70083550', '738699290', '829823549', '330031684', '304465338', '70085238', '1149599617'}
Browser Hostname : DESKTOP-R1UV7D2
Browser comment : 00
Browser windows version : 0a00
***************************************
Device ID:  00:1f:d0:23:97:96
Aliases: 
Who I am:  ???
Supposed Owner: ???
DHCP name : minint-vp4qd6e
***************************************
Device ID:  00:15:5d:80:2d:29
Aliases: 
Who I am:  ???
Supposed Owner: ???
Browser Hostname : WWW
Browser comment : www Samba server
Browser windows version : 0409
***************************************
Device ID:  00:15:60:96:01:69
Aliases: 
Who I am:  ???
Supposed Owner: ???
Browser Hostname : NEURON
Browser comment : Samba Server
Browser windows version : 0409
***************************************
Device ID:  00:15:5d:02:43:0e
Aliases: 
Who I am:  ???
Supposed Owner: ???
Browser Hostname : WWWTEST
Browser windows version : 0409
***************************************
Device ID:  00:15:5d:02:85:30
Aliases: 
Who I am:  ???
Supposed Owner: ???
Browser Hostname : FUTURSHARE
Browser comment : 00
Browser windows version : Windows 7 or Windows Server 2008 R2
***************************************
Device ID:  00:15:5d:02:83:44
Aliases: 
Who I am:  ???
Supposed Owner: ???
Browser Hostname : PRINTERS
Browser comment : 00
Browser windows version : Windows Vista or Windows Server 2008
***************************************
Device ID:  30:f9:ed:ce:e6:f5
Aliases: 
Who I am:  ???
Supposed Owner: ???
DHCP name : claudio
Browser Hostname : CLAUDIO
Browser comment : gallicios_remote
Browser windows version : 0a00
***************************************
Device ID:  40:6c:8f:2e:a5:37
Aliases: Dino\342\200\231s iMac  || Dinos-iMac  || Dinos-iMac.local  || 
Who I am:  iMac "Core i7" 3.4 27-Inch (Mid-2011) with OS X 10.13 (High Sierra) / DropBox Host
Supposed Owner: Dino
######### Dropbox Infos #########
host_int: 118236205079338089763936463047796486590,  version: 2.0,  displayname: ,  port: 17500
{'352843309', '753665661', '1403578263', '85772488', '510625526', '1548485461', '601274225', '614649806', '257045959', '91233323', '176083157', '615791618', '213396264', '273358369', '644738600', '780116334', '623080841', '557277838', '1547346210', '355125705', '1546887811', '1440024160', '56000943', '848036163', '304465338', '25042553', '209036631', '247230674', '586508608', '499171300', '1409866685', '36433115', '289879001', '577760454', '829823549', '44356033', '343899954', '1817522400', '144846796', '833068607', '28168906', '214842561', '728289660', '168998534', '57322667', '553952111', '224479961', '469692013', '169027285', '1143542697'}
***************************************
Device ID:  00:14:22:72:75:d0
Aliases: paleo.local  || paleo  || 
Who I am:  ???
Supposed Owner: ???
Browser Hostname : PALEO
Browser comment : paleo server (Samba, Ubuntu)
Browser windows version : Windows 7 or Windows Server 2008 R2
***************************************
Device ID:  44:a8:42:39:e4:8c
Aliases: carpa  || carpa.local  || 
Who I am:  ???
Supposed Owner: ???
Browser Hostname : CARPA
Browser comment : carpa server (Samba, Ubuntu)
Browser windows version : Windows 7 or Windows Server 2008 R2
***************************************
Device ID:  00:15:5d:02:84:24
Aliases: 
Who I am:  ???
Supposed Owner: ???
Browser Hostname : ROSIE
Browser comment : 00
Browser windows version : 0a00
***************************************
Device ID:  14:18:77:4d:5b:af
Aliases: 
Who I am:  ???
Supposed Owner: ???
Browser Hostname : NEURON16
Browser comment : 00
Browser windows version : 0603
***************************************
Device ID:  48:4d:7e:e4:5e:1e
Aliases: 
Who I am:  DropBox Host
Supposed Owner: ???
######### Dropbox Infos #########
host_int: 159037137759068197787409514033063237469,  version: 2.0,  displayname: ,  port: 17500
{'4791457040', '3760638896', '2054113072', '4770506640', '4140749248', '3905186800', '125293605'}
Browser Hostname : MICOL
Browser comment : micol
Browser windows version : 0a00
***************************************
Device ID:  90:e6:ba:11:f9:58
Aliases: DESKTOP-DDMNG1Q  || DESKTOP-DDMNG1Q.local  || 
Who I am:  Windows Desktop (supposed by  dev`s name)
Supposed Owner:  DDMNGQ
DHCP name : DESKTOP-DDMNG1Q
Browser Hostname : DESKTOP-DDMNG1Q
Browser comment : 00
Browser windows version : 0a00
***************************************
Device ID:  00:15:5d:02:86:3b
Aliases: 
Who I am:  ???
Supposed Owner: ???
Browser Hostname : SEGRETERIA
Browser comment : 00
Browser windows version : Windows 7 or Windows Server 2008 R2
***************************************
Device ID:  00:24:1d:1e:28:e7
Aliases: 
Who I am:  ???
Supposed Owner: ???
DHCP name : virtual.polo2.sid.unipi.it
Browser Hostname : VIRTUAL
Browser comment : 00
Browser windows version : 0603
***************************************
Device ID:  00:21:5a:76:00:5b
Aliases: 
Who I am:  ???
Supposed Owner: ???
DHCP name : PCLUIGI.di.unipi.it
***************************************
Device ID:  00:15:5d:e1:9a:2c
Aliases: 
Who I am:  ???
Supposed Owner: ???
Browser Hostname : ELEARNING
Browser comment : Samba 4.2.14-Debian
Browser windows version : Windows 7 or Windows Server 2008 R2
***************************************
Device ID:  00:15:5d:02:83:4a
Aliases: 
Who I am:  ???
Supposed Owner: ???
Browser Hostname : AD2
Browser comment : 00
Browser windows version : 0603
***************************************
Device ID:  70:8b:cd:0d:75:d9
Aliases: 
Who I am:  ???
Supposed Owner: ???
Browser Hostname : DESKTOP-36J2UH4
Browser comment : 00
Browser windows version : 0a00
***************************************
Device ID:  e4:b9:7a:3c:5d:1e
Aliases: 
Who I am:  ???
Supposed Owner: ???
DHCP name : Vahid-CS-laptop
Browser Hostname : VAHID-CS-LAPTOP
Browser comment : 00
Browser windows version : 0a00
***************************************
Device ID:  a8:60:b6:07:44:62
Aliases: GDC  || GDC.local  || 
Who I am:  iMac "Core i7" 3.3 21.5-Inch (4K, Late 2015), OsX: 18 / DropBox Host
Supposed Owner: ???
######### Dropbox Infos #########
host_int: 30757716000482655954059258122491794999,  version: 2.0,  displayname: ,  port: 17500
{'13461287', '1321543273', '11379330', '1030740839', '1454143230', '1555964615', '8335493', '11601918', '4654223696', '346524830', '68789862', '4547676704', '4179277488', '1422531227', '722785120', '913956504', '9067599', '180657717'}
***************************************
Device ID:  00:15:5d:02:85:2f
Aliases: 
Who I am:  ???
Supposed Owner: ???
Browser Hostname : PC-GIOVANNA
Browser comment : 00
Browser windows version : 0a00
***************************************
Device ID:  f0:18:98:eb:70:78
Aliases: 
Who I am:  DropBox Host
Supposed Owner: ???
######### Dropbox Infos #########
host_int: 103576002992732002662839880619904965353,  version: 2.0,  displayname: ,  port: 17500
{'276812379', '650757610', '4945105936', '1441433791', '1098950700', '619367021', '911840654', '1326883921', '1235828224', '1494958582', '2438287152', '257638418', '1368624530', '1393759342', '1480330268', '297214621', '271473523', '1068444966', '28890926', '1994286048', '1144941233', '1377149925', '1511401206', '1093038812'}
***************************************
Device ID:  9c:eb:e8:04:1b:1b
Aliases: 
Who I am:  DropBox Host
Supposed Owner: ???
DHCP name : zenith
######### Dropbox Infos #########
host_int: 251964798051101798923075479362399341125,  version: 2.0,  displayname: ,  port: 17500
{'848140062', '2437123760', '1405111045', '821810440', '9805912', '7951480', '173529598', '9738977', '280415363', '10823947', '275635985'}
Browser Hostname : ZENITH
Browser windows version : 0a00
***************************************
Device ID:  3c:8a:b0:6d:37:f0
Aliases: 
Who I am:  ???
Supposed Owner: ???
***************************************
Device ID:  18:a9:9b:6d:00:8b
Aliases: 
Who I am:  ???
Supposed Owner: ???
Browser Hostname : HYPERV-G
Browser comment : 00
Browser windows version : 0603
***************************************
Device ID:  18:66:da:05:6a:dd
Aliases: Mannaioni  || Mannaioni.local  || 
Who I am:  ???
Supposed Owner: ???
DHCP name : Mannaioni.di.unipi.it
Browser Hostname : MANNAIONI
Browser comment : 00
Browser windows version : 0a00
***************************************
Device ID:  78:7b:8a:c6:d7:59
Aliases: 
Who I am:  DropBox Host
Supposed Owner: ???
DHCP name : Gians-iMac
######### Dropbox Infos #########
host_int: 153089632381432648752672744793754899777,  version: 2.0,  displayname: ,  port: 17500
{'337012770', '475743327', '305822607', '420465776', '1394022921', '35011427', '4872656848', '1874372848', '1021794999', '293082859', '47065701', '1190583775', '47090465', '525801641', '437112703', '461475206', '1554490218', '127709894', '468378429', '1131540884', '886688868', '1554443306', '558501862', '525071076', '4932483376', '722742525', '98715075', '1328286074', '837565423', '2126536896'}
***************************************
Device ID:  00:15:5d:00:01:1d
Aliases: 
Who I am:  ???
Supposed Owner: ???
Browser Hostname : ORACLE2
Browser comment : 00
Browser windows version : 0603
***************************************
Device ID:  38:60:77:e0:45:2d
Aliases: 
Who I am:  DropBox Host
Supposed Owner: ???
DHCP name : DESKTOP-5PGUE7O
######### Dropbox Infos #########
host_int: 12322140860033579500181602066812095477,  version: 2.0,  displayname: ,  port: 17500
{'1574772573', '1760043072', '1347279273', '1552245876', '566799455', '1262103455'}
Browser Hostname : DESKTOP-5PGUE7O
Browser comment : 00
Browser windows version : 0a00
***************************************
Device ID:  00:15:5d:02:6c:16
Aliases: 
Who I am:  ???
Supposed Owner: ???
Browser Hostname : BOERGER-PC
Browser comment : 00
Browser windows version : Windows 7 or Windows Server 2008 R2
***************************************
Device ID:  00:13:72:3f:f1:d2
Aliases: 
Who I am:  ???
Supposed Owner: ???
Browser Hostname : GATE
Browser comment : 00
Browser windows version : Windows 7 or Windows Server 2008 R2
***************************************
Device ID:  00:15:5d:02:83:49
Aliases: 
Who I am:  ???
Supposed Owner: ???
Browser Hostname : SQLDIPARTIMENTO
Browser comment : 00
Browser windows version : 0603
***************************************
Device ID:  48:4d:7e:f1:50:a9
Aliases: 
Who I am:  DropBox Host
Supposed Owner: ???
######### Dropbox Infos #########
host_int: 49306222309246494314290674571421830669,  version: 2.0,  displayname: ,  port: 17500
{'1143505862', '1143542697', '3124872432'}
Browser Hostname : LETY2
Browser comment : lety2
Browser windows version : 0a00
***************************************
Device ID:  38:c9:86:02:62:4e
Aliases: 
Who I am:  DropBox Host
Supposed Owner: ???
DHCP name : MBPdiGidomenico
######### Dropbox Infos #########
host_int: 118984292056817073540676738458910505113,  version: 2.0,  displayname: ,  port: 17500
{'3009929632', '2213551632', '610567810', '877420687', '227743143', '228032436'}
Browser Hostname : MACBOOKPRO-A45D
***************************************
Device ID:  78:7b:8a:bb:4e:cd
Aliases: Roberta-Gori-new-iMac  || Roberta Gori new iMac  || Roberta-Gori-new-iMac.local  || 
Who I am:  iMac "Core i7" 3.6 21.5-Inch (4K, Mid-2017-18) with OS X 10.13 (High Sierra) / DropBox Host
Supposed Owner: Roberta Gori new 
######### Dropbox Infos #########
host_int: 318885916999399592963508979516239692520,  version: 2.0,  displayname: ,  port: 17500
{'1316840999', '726740919', '3256944384', '1340921057', '722531707', '2421912976', '1037022335', '4673849984', '109624762', '749803015', '1504013298', '3491050208'}
Browser Hostname : EX-XOS6
***************************************
Device ID:  14:da:e9:ef:85:9b
Aliases: 
Who I am:  DropBox Host
Supposed Owner: ???
######### Dropbox Infos #########
host_int: 141279533613589800008976838405981203789,  version: 2.0,  displayname: ,  port: 17500
{'295356501', '1446944572', '1440071633', '496041064', '1441531096', '1344992852', '780116334', '1439905567', '1440024160', '2706427776', '1439906963', '53720403', '247177700'}
Browser Hostname : PATTERNS
Browser comment : 00
Browser windows version : 0a00
***************************************
Device ID:  a8:20:66:45:df:e1
Aliases: 
Who I am:  DropBox Host
Supposed Owner: ???
######### Dropbox Infos #########
host_int: 141410624520482920293405616666324228470,  version: 2.0,  displayname: ,  port: 17500
{'4831028224', '2357074512', '37606471', '4862821968', '1562856649', '519647979', '1565221903', '3274999088', '2256767936', '2063996240', '4830645776', '2424831536', '873991234', '806368240', '1577571544', '4870962848', '4791492224', '1435866370', '1422626236', '3116420416', '4728086944'}
***************************************
Device ID:  00:1e:0b:83:96:14
Aliases: 
Who I am:  ???
Supposed Owner: ???
Browser Hostname : ARAGORN
Browser comment : 00
Browser windows version : Windows Server 2003 R2 or Windows Server 2003
***************************************
Device ID:  4c:e1:73:47:cf:7d
Aliases: 
Who I am:  DropBox Host
Supposed Owner: ???
DHCP name : DESKTOP-8LGBTVR
######### Dropbox Infos #########
host_int: 334263201950073607398089601822962780038,  version: 2.0,  displayname: ,  port: 17500
{'4392829488', '1444587178', '1207225194', '1186829438', '1577683383', '519756060', '1296828325', '346293540', '3915528576', '942842151', '1044094578', '1427937848', '3183566432', '3845330880', '4816564016', '1541359997', '2165828048', '4490018048', '4894058176', '1435866370', '4399809856', '652665971', '11622459', '1209557363', '254413993', '1548116184', '829017510', '4910020928'}
Browser Hostname : DESKTOP-8LGBTVR
Browser comment : 00
Browser windows version : 0a00
***************************************
Device ID:  9c:eb:e8:23:23:52
Aliases: NEURODB  || DESKTOP-OU5CQCG  || XPSDB.local  || 9CEBE8232352@NEURODB  || DESKTOP-OU5CQCG.local  || XPSDB  || 
Who I am:  MEDIA / Windows Desktop (supposed by  dev`s name) / DropBox Host
Supposed Owner:  OUCQCG
DHCP name : XPSDB
######### Dropbox Infos #########
host_int: 198138690516494014624049908765367977130,  version: 2.0,  displayname: ,  port: 17500
{'1070754005', '668451751', '280559040', '1096042246', '3244869648', '499985127', '320211642', '668461787', '1037022335', '17627880', '870602463', '702922196', '1577571544', '1144247729', '172585391', '781313326', '4522549936', '464011372', '892003803', '220270093'}
Browser Hostname : XPSDB
Browser comment : 00
Browser windows version : 0a00
***************************************
Device ID:  00:22:4d:4f:cd:2b
Aliases: DESKTOP-PP6T2PT.local  || DESKTOP-PP6T2PT  || 
Who I am:  Windows Desktop (supposed by  dev`s name) / DropBox Host
Supposed Owner:  PPTPT
DHCP name : DESKTOP-PP6T2PT.di.unipi.it
######### Dropbox Infos #########
host_int: 200094885794042618998887199890966634563,  version: 2.0,  displayname: ,  port: 17500
{'80674877', '289879001', '214842561', '1440024160', '577760454', '1327462635', '80753534', '606021346', '213396264'}
Browser Hostname : DESKTOP-PP6T2PT
Browser comment : 00
Browser windows version : 0a00
***************************************
Device ID:  20:47:47:f7:2b:1b
Aliases: 
Who I am:  DropBox Host
Supposed Owner: ???
######### Dropbox Infos #########
host_int: 262893690381162854392218612713626868648,  version: 2.0,  displayname: ,  port: 17500
{'609582646', '1346284024', '1550755045', '2386649616', '754458697', '2204782544', '462636135', '1444587178', '3546413248', '1207225194', '1186829438', '87226827', '1487354968', '1577683383', '1047566815', '519756060', '1048216224', '1410383241', '1089896956', '4021139232', '1485832367', '3192910320', '2804072272', '3084882032', '1563570923', '1435775948', '1486744454', '1449593477', '1353606437', '87933947', '1347126185', '4894058176', '1435866370', '449915516', '757702028', '1572095601', '1209557363', '639364592', '1365361025', '4910020928', '1496453660', '3075624400', '1578303720', '1483791048', '1122531328', '1158833976'}
Browser Hostname : BROGI
Browser comment : 00
Browser windows version : 0a00
***************************************
Device ID:  00:25:90:22:56:72
Aliases: 
Who I am:  ???
Supposed Owner: ???
Browser Hostname : HYPERV-D
Browser comment : 00
Browser windows version : 0603
***************************************
Device ID:  38:c9:86:3e:5e:c7
Aliases: iMac-di-Paolo-Ferragina.local  || iMac-di-Paolo-Ferragina  || iMac di Paolo Ferragina  || 
Who I am:  iMac "Core i7" 4.0 27-Inch (5K, Late 2015), OsX: 18 / DropBox Host
Supposed Owner: Paolo Ferragina
DHCP name : iMacdiPerragina
######### Dropbox Infos #########
host_int: 15149036025134094466005283589903295569,  version: 2.0,  displayname: ,  port: 17500
{'1370773745', '1045025974', '1440827903', '638511715', '327545165', '1093038812', '1177595590', '12475251'}
***************************************
Device ID:  a8:60:b6:36:3f:28
Aliases: Maria\342\200\231s iMac  || Marias-iMac.local  || Marias-iMac  || 
Who I am:  iMac "Core i7" 3.3 21.5-Inch (4K, Late 2015), OsX: 18 / DropBox Host
Supposed Owner: Maria
######### Dropbox Infos #########
host_int: 326166675076491108760264088145394082753,  version: 2.0,  displayname: ,  port: 17500
{'848140062', '119500043', '486077280', '3468975088', '537105655', '7940869', '736620098', '1405111045', '209473296', '821810440', '38978533', '151394695', '213396264', '80557799', '1344992852', '9805912', '335265305', '1029774318', '56000943', '197825054', '1190583775', '3032105936', '1477867509', '3563770544', '245086278', '564879161', '81749081', '1497267720', '68982477', '392477234', '666267541', '591605661', '1130476216', '1294752006'}
Browser Hostname : MARIAS-IMAC
***************************************
Device ID:  00:23:df:7f:36:a0
Aliases: macbook-pro-di-maria-grazia-scutella  || macbook-pro-di-maria-grazia-scutella.local  || 
Who I am:  ???
Supposed Owner: ???
***************************************
Device ID:  a0:ce:c8:0c:6c:b8
Aliases: MacBook Pro (2)  || AFMBP.local  || AFMBP  || 
Who I am:  MacBook Pro "Core i7" 3.1 15" Touch/Mid-2017-18 with OS X 10.13 (High Sierra) = 157,157,16 / DropBox Host
Supposed Owner: ???
DHCP name : AFMBP
######### Dropbox Infos #########
host_int: 272571487101209657937357306486599951120,  version: 2.0,  displayname: ,  port: 17500
{'222907320', '1523222306', '2376697520', '3363366848', '1398997102', '496041064', '1524803307', '101109873', '1822126960'}
Browser Hostname : MBP17 AF
***************************************
Device ID:  78:7b:8a:c9:26:5d
Aliases: iMacMarco.local  || iMacMarco  || 
Who I am:  iMac "Core i7" 4.2 27-Inch (5K, Mid-2017-18), OsX: 18 / DropBox Host
Supposed Owner: Marco
######### Dropbox Infos #########
host_int: 299312366424463886336842972814374352545,  version: 2.0,  displayname: ,  port: 17500
{'1420522424', '82992240'}
***************************************
Device ID:  40:6c:8f:32:4e:a7
Aliases: weall  || Tre  || weall.local  || 
Who I am:  MacBook Pro "Core i7" 2.7 15" Mid-2012 with OS X 10.13 (High Sierra) / DropBox Host
Supposed Owner: ???
######### Dropbox Infos #########
host_int: 268915014885109294351193131653429709794,  version: 2.0,  displayname: ,  port: 17500
{'1316840999', '946742253', '4224405152', '92221792', '15772188', '3773997232', '213396264', '2421912976', '26905311', '4673849984', '10859973', '304404459', '28922718', '47090465', '31479692', '33851658', '299479657', '26928061', '9651294', '1248773961', '4737891536', '1172792041', '3620355456', '297201096', '7408306', '72095393', '114362414', '40355228', '284546448', '311350337', '721029200', '29962250', '646197272', '948570350', '11339203', '96301551', '1581655375', '1038184770', '49237747', '31991157', '99055926', '1465724875', '3614453168', '223374207', '11028895', '1441531096', '727712175', '248777688', '1500361488', '9706958', '43975214'}
***************************************
Device ID:  a8:60:b6:25:52:3c
Aliases: Anna-Bernasconis-iMac  || Anna-Bernasconis-iMac.local  || Anna Bernasconi\342\200\231s iMac  || 
Who I am:  iMac "Core i7" 3.3 21.5-Inch (4K, Late 2015) with OS X 10.13 (High Sierra) / DropBox Host
Supposed Owner: Anna Bernasconi
######### Dropbox Infos #########
host_int: 306386594057309724035458134226273336757,  version: 2.0,  displayname: ,  port: 17500
{'1083603832', '4945105936', '12087141', '12174966', '7319063', '944199344', '2438287152', '133665378', '4792560576', '3090020832', '721029200', '1318896890', '655421277', '209255330', '776011110', '2857472176', '96779574', '3491050208', '2777836096', '1158985323'}
***************************************
Device ID:  50:9a:4c:25:ff:46
Aliases: 
Who I am:  ???
Supposed Owner: ???
DHCP name : serafini.di.unipi.it
***************************************
Device ID:  78:7b:8a:c5:35:51
Aliases: provas-iMac  || prova\342\200\231s iMac  || provas-iMac.local  || 823626461  || 
Who I am:  iMac "Core i7" 4.2 27-Inch (5K, Mid-2017-18) with OS X 10.13 (High Sierra) / DropBox Host
Supposed Owner: prova
DHCP name : provas-iMac
######### Dropbox Infos #########
host_int: 122089066488859690504986475840196103421,  version: 2.0,  displayname: ,  port: 17500
{'181272250', '948570350', '4224405152', '600767553', '92221792', '15772188', '96301551', '1581655375', '67639007', '29769896', '936315358', '31876813', '99055926', '28922718', '1465724875', '140000539', '31479692', '33851658', '111895633', '4737891536', '198729309', '57322667', '79669892', '311350337', '1012525748'}
***************************************
Device ID:  34:17:eb:b0:67:96
Aliases: DESKTOP-PN2FS4V.local  || DESKTOP-PN2FS4V  || 
Who I am:  Windows Desktop (supposed by  dev`s name)
Supposed Owner:  PNFSV
DHCP name : DESKTOP-PN2FS4V
***************************************
Device ID:  4c:e1:73:46:1e:3e
Aliases: nb-dds  || nb-dds.local  || 
Who I am:  MacBook Pro "Core i7" 3.3 13" Touch/Late 2016, OsX: 18 = 225,225,22 / DropBox Host
Supposed Owner: ???
DHCP name : nb-dds
######### Dropbox Infos #########
host_int: 306430454773774094619489467440084504874,  version: 2.0,  displayname: ,  port: 17500
{'758197786', '650031395', '659989742', '4138317792', '42137431', '42133865', '626996003', '260315451', '273388297', '42135500', '737945953', '4437603616', '663363908', '660004592', '1432346738'}
Browser Hostname : NB-DDS
***************************************
Device ID:  34:17:eb:af:02:94
Aliases: margot.local  || margot  || 
Who I am:  ???
Supposed Owner: ???
***************************************
Device ID:  68:5b:35:a3:8f:29
Aliases: 
Who I am:  DropBox Host
Supposed Owner: ???
######### Dropbox Infos #########
host_int: 250777146712300599778604296825603824293,  version: 2.0,  displayname: ,  port: 17500
{'2165828048', '1270116818', '1365752473', '839536252', '3702372336', '8410791', '140550605', '1314294545', '837538821', '1139540889', '1037022335', '10859973'}
Browser Hostname : EX-OR67INF
***************************************
Device ID:  50:9a:4c:25:e2:8a
Aliases: 
Who I am:  DropBox Host
Supposed Owner: ???
DHCP name : DESKTOP-PKC51HJ
######### Dropbox Infos #########
host_int: 298918568729108525055033723259074542202,  version: 2.0,  displayname: ,  port: 17500
{'4667028176', '4199308688', '235054653', '1496470595', '1082997804', '85335891', '1100100599'}
***************************************
Device ID:  00:15:5d:02:85:31
Aliases: 
Who I am:  ???
Supposed Owner: ???
DHCP name : MV-Osiris.di.unipi.it
***************************************
Device ID:  50:9a:4c:25:df:ef
Aliases: Enrico.local  || Enrico  || 
Who I am:  ???
Supposed Owner: ???
DHCP name : Enrico.di.unipi.it
***************************************
Device ID:  d4:3d:7e:2d:a4:3c
Aliases: 
Who I am:  DropBox Host
Supposed Owner: ???
DHCP name : DESKTOP-5RN815K
######### Dropbox Infos #########
host_int: 4639312072717695691525489609531187609,  version: 2.0,  displayname: ,  port: 17500
{'4', '3', '2', '5', '8', '7', '1'}
***************************************
Device ID:  3c:97:0e:8c:44:75
Aliases: lenovob590.local  || lenovob590  || 
Who I am:  DropBox Host
Supposed Owner: ???
DHCP name : lenovob590
######### Dropbox Infos #########
host_int: 53237464710274761857567976999996474043,  version: 2.0,  displayname: ,  port: 17500
{'2963179696', '3564936160', '21990367'}
***************************************
Device ID:  38:60:77:f0:92:ee
Aliases: 
Who I am:  DropBox Host
Supposed Owner: ???
DHCP name : neurale2.di.unipi.it
######### Dropbox Infos #########
host_int: 317443124093161700066672150581421123116,  version: 2.0,  displayname: ,  port: 17500
{'1487850465', '230317789', '4302496368', '1098950700', '280559040', '1815897680', '1523349062', '1228390713', '1413583938', '2805502016', '1542178186', '1381841485', '50279733', '1130582974', '1267762652', '1980190544', '1497267720', '1068835292', '1365752473', '234415111', '2891143872', '3184155248', '1467811175', '1144247729', '3426851840', '2682440400', '3117289008', '1339024863', '1562549888', '1475594208', '1423322158', '1451042608', '3225651040', '1137420310'}
***************************************
Device ID:  48:4d:7e:9a:3b:83
Aliases: 
Who I am:  DropBox Host
Supposed Owner: ???
DHCP name : DESKTOP-MCOIMB6
######### Dropbox Infos #########
host_int: 62819826212014991356025843293755180529,  version: 2.0,  displayname: ,  port: 17500
{'1930712848', '2112976960', '124613071', '2259619312', '4384922560', '2204782544', '1577683383', '1391001113', '2909171568', '4356314752', '3192910320', '1445424480', '2937119760', '2804072272', '1541359997', '1500119435', '1563570923', '3057484720', '3033444912', '1948816096', '1572095601', '1465610486', '1496453660', '1809540048', '1578303720', '3546413248', '3032254944'}
***************************************
Device ID:  38:c9:86:40:dc:bb
Aliases: Enrico\342\200\231s MacBook Pro  || Enricos-MacBook-Pro  || Enricos-MacBook-Pro.local  || 
Who I am:  MacBook Pro "Core i7" 2.8 15" Mid-2015 (IG), OsX: 18 / DropBox Host
Supposed Owner: Enrico 
DHCP name : Enricos-MBP
######### Dropbox Infos #########
host_int: 326897328502859104196795765370725616025,  version: 2.0,  displayname: ,  port: 17500
{'311390760', '1182382308', '188026455', '222907320', '268120816', '1478570291', '730372924', '1993824608', '492316509', '1386021995', '577506447'}
Browser Hostname : MACBOOKPRO-D94B
***************************************
Device ID:  00:e0:4c:11:55:21
Aliases: Floydino.local  || Floydino  || 
Who I am:  DropBox Host
Supposed Owner: ???
DHCP name : Floydino
######### Dropbox Infos #########
host_int: 302698113540610674908397054198064142974,  version: 2.0,  displayname: ,  port: 17500
{'320335814', '210145537', '151402645', '430285990', '1133099360', '299997618', '732180581', '856691', '725758987', '351871356', '534697866', '53973793', '350431423', '352753537', '903319825', '1083821995', '1147756596', '139973989', '1081944754', '524412245', '58234439', '913642580', '747329035', '224296516', '475788467', '253824942', '276418188', '45234861', '194923071', '328964295', '53975866', '250858752', '1744095712', '642327655', '170124150', '1137846365'}
Browser Hostname : FLOYDINO
Browser comment : 00
Browser windows version : 0a00
***************************************
Device ID:  a8:20:66:24:62:99
Aliases: Andreas-MacBook-Pro  || Andrea\342\200\231s MacBook Pro  || Andreas-MacBook-Pro.local  || 
Who I am:  MacBook Pro "Core i7" 3.0 13" Early 2013 with OS X 10.9 (Mavericks) / DropBox Host
Supposed Owner: Andrea 
DHCP name : Andreas-MBP
######### Dropbox Infos #########
host_int: 280464775479234178599809387381897113392,  version: 2.0,  displayname: ,  port: 17500
{'757981904', '1431258890', '429253120', '96301551', '721353649', '72095393', '1559793375', '1304242442', '14726578', '309652053', '40355228', '284546448', '716884126', '721029200'}
Browser Hostname : EX-XEN-DESKTOP
***************************************
Device ID:  50:46:5d:8a:17:b5
Aliases: 
Who I am:  DropBox Host
Supposed Owner: ???
DHCP name : parvinpc
######### Dropbox Infos #########
host_int: 88774667398343721619024154429637519138,  version: 2.0,  displayname: ,  port: 17500
{'577853702', '1045862173', '627637611', '4744633936'}
***************************************
Device ID:  2c:4d:54:9d:c4:49
Aliases: 
Who I am:  ???
Supposed Owner: ???
DHCP name : KDD.di.unipi.it
***************************************
Device ID:  f0:76:1c:69:2c:4c
Aliases: 
Who I am:  DropBox Host
Supposed Owner: ???
DHCP name : susanna-PC
######### Dropbox Infos #########
host_int: 112360135617073686165623149675716236232,  version: 2.0,  displayname: ,  port: 17500
{'1257318117', '36530818', '3879049408', '429222938', '1026581939', '1327479665', '1349911230', '822817062', '1178098106', '1581655981', '2283433984'}
Browser Hostname : SUSANNA-PC
Browser comment : 00
Browser windows version : 0a00
***************************************
Device ID:  54:04:a6:b5:5d:f9
Aliases: 
Who I am:  DropBox Host
Supposed Owner: ???
######### Dropbox Infos #########
host_int: 221885676982385992929846572372242778120,  version: 2.0,  displayname: ,  port: 17500
{'1404229748', '1084568493', '221369298', '82153425', '130089799', '246858691'}
***************************************
Device ID:  00:1f:c6:6d:7b:93
Aliases: 
Who I am:  DropBox Host
Supposed Owner: ???
######### Dropbox Infos #########
host_int: 83047840202587457108548783683706484524,  version: 2.0,  displayname: ,  port: 17500
{'822817062', '429222938', '1178098106', '36530818', '3879049408', '1581655981', '1026581939', '2283433984', '1349911230'}
***************************************
Device ID:  30:9c:23:15:84:87
Aliases: 
Who I am:  DropBox Host
Supposed Owner: ???
######### Dropbox Infos #########
host_int: 265141771444381402266186655132511636607,  version: 2.0,  displayname: ,  port: 17500
{'3183071808', '416820341'}
***************************************
Device ID:  8c:ec:4b:7d:b1:9e
Aliases: 
Who I am:  DropBox Host
Supposed Owner: ???
######### Dropbox Infos #########
host_int: 331173112877247177483984781570973311389,  version: 2.0,  displayname: ,  port: 17500
{'313744913', '3707000640', '1427963839', '1407050143', '721658223', '2453309280', '204458521', '216898767'}
***************************************
Device ID:  50:9a:4c:25:db:f5
Aliases: 
Who I am:  DropBox Host
Supposed Owner: ???
######### Dropbox Infos #########
host_int: 308576021921957464683133294928164448720,  version: 2.0,  displayname: ,  port: 17500
{'3176278384', '2481033648', '1569386737', '851228197', '853011086', '1428931389', '3024206656', '1563497868', '1401342619', '3970550528', '1581655981'}
***************************************
Device ID:  38:2c:4a:ba:72:e4
Aliases: 
Who I am:  DropBox Host
Supposed Owner: ???
######### Dropbox Infos #########
host_int: 5816714304924342898835488483517198570,  version: 2.0,  displayname: ,  port: 17500
{'289686831', '638647518', '388770932', '87877162', '66460586', '1024001956', '239570274', '910390639', '1409043291', '59442597', '4776898944', '1874112992', '1504013298', '1445356970', '310277820', '3256944384', '2490144816', '1340921057', '59442039', '783656616', '722531707', '201861109', '610835178', '2156019168', '111492478', '817889812', '3491050208', '1079459730', '890598403', '4068287072'}
***************************************
Device ID:  98:90:96:a0:d3:f7
Aliases: 
Who I am:  DropBox Host
Supposed Owner: ???
######### Dropbox Infos #########
host_int: 160319094823850121710339233244284188624,  version: 2.0,  displayname: ,  port: 17500
{'3116420416', '3209382944', '4945105936', '1037022335', '2438287152', '1138044367', '12358627'}
***************************************
Device ID:  00:50:b6:54:50:a7
Aliases: 
Who I am:  DropBox Host
Supposed Owner: ???
######### Dropbox Infos #########
host_int: 133808876194613106708406225211523909231,  version: 2.0,  displayname: ,  port: 17500
{'4', '2', '8', '7', '0'}
***************************************
Device ID:  50:46:5d:35:01:e6
Aliases: 
Who I am:  DropBox Host
Supposed Owner: ???
######### Dropbox Infos #########
host_int: 216795934499666574157427431849997030807,  version: 2.0,  displayname: ,  port: 17500
{'7', '0', '9'}
***************************************
Device ID:  00:22:15:d9:d6:52
Aliases: 
Who I am:  DropBox Host
Supposed Owner: ???
######### Dropbox Infos #########
host_int: 247351977353182672287165046066142130679,  version: 2.0,  displayname: ,  port: 17500
{'27310071', '4862821968', '112417397', '3274999088', '2520105568', '1500338836', '1555568566', '2256767936', '2063996240', '3695576512', '1422626236', '822817062', '1178098106', '4728086944', '1416788003', '1158860322'}
***************************************
Device ID:  50:9a:4c:26:03:1c
Aliases: 
Who I am:  DropBox Host
Supposed Owner: ???
######### Dropbox Infos #########
host_int: 34028887570180790501606722618399241581,  version: 2.0,  displayname: ,  port: 17500
{'25822154', '26992812', '1143542697', '1413583938'}
***************************************
Device ID:  a8:20:66:4a:c7:ee
Aliases: 
Who I am:  ???
Supposed Owner: ???
Resolved Name : dhcp23.iit.cnr.it
***************************************
Device ID:  d8:8f:76:7a:1b:29
Aliases: 
Who I am:  ???
Supposed Owner: ???
Resolved Name : dhcp1.iit.cnr.it
***************************************
Device ID:  a8:20:66:4a:d7:bc
Aliases: 
Who I am:  ???
Supposed Owner: ???
Resolved Name : viola.iit.cnr.it
***************************************
Device ID:  00:90:5e:12:db:73
Aliases: 
Who I am:  ???
Supposed Owner: ???
Resolved Name : matrix.iit.cnr.it
***************************************
Device ID:  a0:ce:c8:11:3a:32
Aliases: 
Who I am:  ???
Supposed Owner: ???
Resolved Name : dhcp65.iit.cnr.it
***************************************
Device ID:  10:dd:b1:cb:c6:19
Aliases: 
Who I am:  ???
Supposed Owner: ???
Resolved Name : acacia.iit.cnr.it
***************************************
Device ID:  00:0e:c6:c7:d8:46
Aliases: 
Who I am:  ???
Supposed Owner: ???
Resolved Name : dhcp34.iit.cnr.it
***************************************
Device ID:  b8:c7:5d:ce:25:52
Aliases: 
Who I am:  ???
Supposed Owner: ???
Resolved Name : tc-marcoconti.iit.cnr.it
***************************************
Device ID:  00:00:5e:00:01:60
Aliases: 
Who I am:  ???
Supposed Owner: ???
Resolved Name : iit-gw.iit.cnr.it
***************************************
Device ID:  4c:32:75:c3:17:27
Aliases: 
Who I am:  ???
Supposed Owner: ???
Resolved Name : vpn20.iit.cnr.it
***************************************
Device ID:  a0:ce:c8:11:3a:6c
Aliases: 
Who I am:  ???
Supposed Owner: ???
Resolved Name : dhcp52.iit.cnr.it
***************************************
Device ID:  70:56:81:c7:52:e8
Aliases: 
Who I am:  ???
Supposed Owner: ???
Resolved Name : dhcp75.iit.cnr.it
***************************************
Device ID:  10:dd:b1:dd:cc:c0
Aliases: 
Who I am:  ???
Supposed Owner: ???
Resolved Name : mac-baesso.iit.cnr.it
***************************************
Device ID:  20:c9:d0:17:08:92
Aliases: 
Who I am:  ???
Supposed Owner: ???
***************************************
Device ID:  58:ef:68:14:10:c7
Aliases: 
Who I am:  ???
Supposed Owner: ???
Resolved Name : vpn18.iit.cnr.it
***************************************
Device ID:  58:ef:68:e5:e0:34
Aliases: 
Who I am:  ???
Supposed Owner: ???
Resolved Name : bruno.iit.cnr.it
***************************************
Device ID:  00:00:00:1a:1b:aa
Aliases: 
Who I am:  ???
Supposed Owner: ???
End
1743.93user 30.38system 21:07.95elapsed 139%CPU (0avgtext+0avgdata 713848maxresident)k
151064inputs+120outputs (115major+709184minor)pagefaults 0swaps
